#
# There is insufficient memory for the Java Runtime Environment to continue.
# Native memory allocation (mmap) failed to map 8814592 bytes for G1 virtual space
# Possible reasons:
#   The system is out of physical RAM or swap space
#   The process is running with CompressedOops enabled, and the Java Heap may be blocking the growth of the native heap
# Possible solutions:
#   Reduce memory load on the system
#   Increase physical memory or swap space
#   Check if swap backing store is full
#   Decrease Java heap size (-Xmx/-Xms)
#   Decrease number of Java threads
#   Decrease Java thread stack sizes (-Xss)
#   Set larger code cache with -XX:ReservedCodeCacheSize=
#   JVM is running with Unscaled Compressed Oops mode in which the Java heap is
#     placed in the first 4GB address space. The Java Heap base address is the
#     maximum limit for the native heap growth. Please use -XX:HeapBaseMinAddress
#     to set the Java Heap base and to place the Java Heap above 4GB virtual address.
# This output file may be truncated or incomplete.
#
#  Out of Memory Error (os_windows.cpp:3550), pid=12152, tid=4568
#
# JRE version: Java(TM) SE Runtime Environment (17.0.6+9) (build 17.0.6+9-LTS-190)
# Java VM: Java HotSpot(TM) 64-Bit Server VM (17.0.6+9-LTS-190, mixed mode, sharing, tiered, compressed oops, compressed class ptrs, g1 gc, windows-amd64)
# No core dump will be written. Minidumps are not enabled by default on client versions of Windows
#

---------------  S U M M A R Y ------------

Command Line: -Dfabric.dli.config=C:\Users\bpole\Desktop\Mods\Bechacraft\.gradle\loom-cache\launch.cfg -Dfabric.dli.env=client -Dfabric.dli.main=net.fabricmc.loader.impl.launch.knot.KnotClient -Dfile.encoding=UTF-8 -Duser.country=FR -Duser.language=fr -Duser.variant net.fabricmc.devlaunchinjector.Main

Host: Intel(R) Core(TM) i7-8565U CPU @ 1.80GHz, 8 cores, 7G,  Windows 11 , 64 bit Build 22621 (10.0.22621.1194)
Time: Sun Mar 19 12:56:44 2023 Paris, Madrid elapsed time: 12.200966 seconds (0d 0h 0m 12s)

---------------  T H R E A D  ---------------

Current thread (0x0000027a9a83e750):  VMThread "VM Thread" [stack: 0x0000008ec2e00000,0x0000008ec2f00000] [id=4568]

Stack: [0x0000008ec2e00000,0x0000008ec2f00000]
Native frames: (J=compiled Java code, j=interpreted, Vv=VM code, C=native code)
V  [jvm.dll+0x6734ea]
V  [jvm.dll+0x7d18f4]
V  [jvm.dll+0x7d309e]
V  [jvm.dll+0x7d3703]
V  [jvm.dll+0x2433c5]
V  [jvm.dll+0x6703f9]
V  [jvm.dll+0x664d32]
V  [jvm.dll+0x300086]
V  [jvm.dll+0x307606]
V  [jvm.dll+0x356c48]
V  [jvm.dll+0x356e4f]
V  [jvm.dll+0x2d72e8]
V  [jvm.dll+0x2d57e5]
V  [jvm.dll+0x2d4dec]
V  [jvm.dll+0x31837b]
V  [jvm.dll+0x7d7f0b]
V  [jvm.dll+0x7d8c44]
V  [jvm.dll+0x7d915d]
V  [jvm.dll+0x7d9534]
V  [jvm.dll+0x7d9600]
V  [jvm.dll+0x781a7a]
V  [jvm.dll+0x672375]
C  [ucrtbase.dll+0x29363]
C  [KERNEL32.DLL+0x126bd]
C  [ntdll.dll+0x5dfb8]

VM_Operation (0x0000008ec28fd260): G1CollectForAllocation, mode: safepoint, requested by thread 0x0000027afc71ad80


---------------  P R O C E S S  ---------------

Threads class SMR info:
_java_thread_list=0x0000027a9ca90a60, length=14, elements={
0x0000027afc71ad80, 0x0000027a9a843560, 0x0000027a9a844110, 0x0000027a9a859d10,
0x0000027a9a85a8d0, 0x0000027a9a85da60, 0x0000027a9a85e8d0, 0x0000027a9a872ee0,
0x0000027a9a893990, 0x0000027a9a869180, 0x0000027a9a85df30, 0x0000027a9a85e400,
0x0000027a9a85eda0, 0x0000027a9edd9ea0
}

Java Threads: ( => current thread )
  0x0000027afc71ad80 JavaThread "main" [_thread_blocked, id=25652, stack(0x0000008ec2800000,0x0000008ec2900000)]
  0x0000027a9a843560 JavaThread "Reference Handler" daemon [_thread_blocked, id=23704, stack(0x0000008ec2f00000,0x0000008ec3000000)]
  0x0000027a9a844110 JavaThread "Finalizer" daemon [_thread_blocked, id=13972, stack(0x0000008ec3000000,0x0000008ec3100000)]
  0x0000027a9a859d10 JavaThread "Signal Dispatcher" daemon [_thread_blocked, id=25252, stack(0x0000008ec3100000,0x0000008ec3200000)]
  0x0000027a9a85a8d0 JavaThread "Attach Listener" daemon [_thread_blocked, id=16072, stack(0x0000008ec3200000,0x0000008ec3300000)]
  0x0000027a9a85da60 JavaThread "Service Thread" daemon [_thread_blocked, id=24120, stack(0x0000008ec3300000,0x0000008ec3400000)]
  0x0000027a9a85e8d0 JavaThread "Monitor Deflation Thread" daemon [_thread_blocked, id=7180, stack(0x0000008ec3400000,0x0000008ec3500000)]
  0x0000027a9a872ee0 JavaThread "C2 CompilerThread0" daemon [_thread_in_native, id=15832, stack(0x0000008ec3500000,0x0000008ec3600000)]
  0x0000027a9a893990 JavaThread "C1 CompilerThread0" daemon [_thread_blocked, id=22192, stack(0x0000008ec3600000,0x0000008ec3700000)]
  0x0000027a9a869180 JavaThread "Sweeper thread" daemon [_thread_blocked, id=7864, stack(0x0000008ec3700000,0x0000008ec3800000)]
  0x0000027a9a85df30 JavaThread "Notification Thread" daemon [_thread_blocked, id=1188, stack(0x0000008ec3800000,0x0000008ec3900000)]
  0x0000027a9a85e400 JavaThread "Common-Cleaner" daemon [_thread_blocked, id=17688, stack(0x0000008ec3a00000,0x0000008ec3b00000)]
  0x0000027a9a85eda0 JavaThread "JNA Cleaner" daemon [_thread_blocked, id=13092, stack(0x0000008ec4a00000,0x0000008ec4b00000)]
  0x0000027a9edd9ea0 JavaThread "C2 CompilerThread1" daemon [_thread_blocked, id=21444, stack(0x0000008ec3b00000,0x0000008ec3c00000)]

Other Threads:
=>0x0000027a9a83e750 VMThread "VM Thread" [stack: 0x0000008ec2e00000,0x0000008ec2f00000] [id=4568]
  0x0000027afc78df40 WatcherThread [stack: 0x0000008ec3900000,0x0000008ec3a00000] [id=18068]
  0x0000027afc774570 GCTaskThread "GC Thread#0" [stack: 0x0000008ec2900000,0x0000008ec2a00000] [id=26544]
  0x0000027a9c409d90 GCTaskThread "GC Thread#1" [stack: 0x0000008ec3d00000,0x0000008ec3e00000] [id=22068]
  0x0000027a9c168e60 GCTaskThread "GC Thread#2" [stack: 0x0000008ec3e00000,0x0000008ec3f00000] [id=26188]
  0x0000027a9c27de70 GCTaskThread "GC Thread#3" [stack: 0x0000008ec3f00000,0x0000008ec4000000] [id=25264]
  0x0000027a9c5cf790 GCTaskThread "GC Thread#4" [stack: 0x0000008ec4000000,0x0000008ec4100000] [id=21224]
  0x0000027a9bffec80 GCTaskThread "GC Thread#5" [stack: 0x0000008ec4100000,0x0000008ec4200000] [id=21980]
  0x0000027a9c6a8f30 GCTaskThread "GC Thread#6" [stack: 0x0000008ec3c00000,0x0000008ec3d00000] [id=15900]
  0x0000027a9c7c9040 GCTaskThread "GC Thread#7" [stack: 0x0000008ec4200000,0x0000008ec4300000] [id=15448]
  0x0000027afc784ed0 ConcurrentGCThread "G1 Main Marker" [stack: 0x0000008ec2a00000,0x0000008ec2b00000] [id=1668]
  0x0000027afc7863a0 ConcurrentGCThread "G1 Conc#0" [stack: 0x0000008ec2b00000,0x0000008ec2c00000] [id=23688]
  0x0000027a9ccebf90 ConcurrentGCThread "G1 Conc#1" [stack: 0x0000008ec4300000,0x0000008ec4400000] [id=14164]
  0x0000027afc7dd260 ConcurrentGCThread "G1 Refine#0" [stack: 0x0000008ec2c00000,0x0000008ec2d00000] [id=6552]
  0x0000027a9c56e400 ConcurrentGCThread "G1 Refine#1" [stack: 0x0000008ec4400000,0x0000008ec4500000] [id=17572]
  0x0000027a9c880030 ConcurrentGCThread "G1 Refine#2" [stack: 0x0000008ec4500000,0x0000008ec4600000] [id=7088]
  0x0000027a9e0b3b70 ConcurrentGCThread "G1 Refine#3" [stack: 0x0000008ec4600000,0x0000008ec4700000] [id=9812]
  0x0000027a9edd3b40 ConcurrentGCThread "G1 Refine#4" [stack: 0x0000008ec4700000,0x0000008ec4800000] [id=18448]
  0x0000027a9cc6ba20 ConcurrentGCThread "G1 Refine#5" [stack: 0x0000008ec4800000,0x0000008ec4900000] [id=10936]
  0x0000027afc7deb30 ConcurrentGCThread "G1 Service" [stack: 0x0000008ec2d00000,0x0000008ec2e00000] [id=24700]

Threads with active compile tasks:
C2 CompilerThread0    12238 6282       4       org.objectweb.asm.ClassReader::readCode (5109 bytes)
C2 CompilerThread1    12238 6311       4       net.minecraft.util.shape.VoxelShapes::combine (287 bytes)

VM state: at safepoint (normal execution)

VM Mutex/Monitor currently owned by a thread:  ([mutex/lock_event])
[0x0000027afc716cf0] Threads_lock - owner thread: 0x0000027a9a83e750
[0x0000027afc716360] Heap_lock - owner thread: 0x0000027afc71ad80

Heap address: 0x0000000083e00000, size: 1986 MB, Compressed Oops mode: 32-bit

CDS archive(s) mapped at: [0x0000000800000000-0x0000000800bd0000-0x0000000800bd0000), size 12386304, SharedBaseAddress: 0x0000000800000000, ArchiveRelocationMode: 0.
Compressed class space mapped at: 0x0000000800c00000-0x0000000840c00000, reserved size: 1073741824
Narrow klass base: 0x0000000800000000, Narrow klass shift: 0, Narrow klass range: 0x100000000

GC Precious Log:
 CPUs: 8 total, 8 available
 Memory: 7937M
 Large Page Support: Disabled
 NUMA Support: Disabled
 Compressed Oops: Enabled (32-bit)
 Heap Region Size: 1M
 Heap Min Capacity: 8M
 Heap Initial Capacity: 126M
 Heap Max Capacity: 1986M
 Pre-touch: Disabled
 Parallel Workers: 8
 Concurrent Workers: 2
 Concurrent Refinement Workers: 8
 Periodic GC: Disabled

Heap:
 garbage-first heap   total 275456K, used 141006K [0x0000000083e00000, 0x0000000100000000)
  region size 1024K, 2 young (2048K), 2 survivors (2048K)
 Metaspace       used 35574K, committed 36032K, reserved 1081344K
  class space    used 4387K, committed 4608K, reserved 1048576K

Heap Regions: E=young(eden), S=young(survivor), O=old, HS=humongous(starts), HC=humongous(continues), CS=collection set, F=free, OA=open archive, CA=closed archive, TAMS=top-at-mark-start (previous, next)
|   0|0x0000000083e00000, 0x0000000083f00000, 0x0000000083f00000|100%|HS|  |TAMS 0x0000000083f00000, 0x0000000083e00000| Complete 
|   1|0x0000000083f00000, 0x0000000084000000, 0x0000000084000000|100%|HC|  |TAMS 0x0000000084000000, 0x0000000083f00000| Complete 
|   2|0x0000000084000000, 0x0000000084100000, 0x0000000084100000|100%|HS|  |TAMS 0x0000000084100000, 0x0000000084000000| Complete 
|   3|0x0000000084100000, 0x0000000084200000, 0x0000000084200000|100%|HC|  |TAMS 0x0000000084200000, 0x0000000084100000| Complete 
|   4|0x0000000084200000, 0x0000000084300000, 0x0000000084300000|100%|HC|  |TAMS 0x0000000084300000, 0x0000000084200000| Complete 
|   5|0x0000000084300000, 0x0000000084400000, 0x0000000084400000|100%| O|  |TAMS 0x0000000084400000, 0x0000000084300000| Untracked 
|   6|0x0000000084400000, 0x0000000084500000, 0x0000000084500000|100%| O|  |TAMS 0x0000000084500000, 0x0000000084400000| Untracked 
|   7|0x0000000084500000, 0x0000000084600000, 0x0000000084600000|100%| O|  |TAMS 0x0000000084600000, 0x0000000084500000| Untracked 
|   8|0x0000000084600000, 0x0000000084700000, 0x0000000084700000|100%| O|  |TAMS 0x0000000084700000, 0x0000000084600000| Untracked 
|   9|0x0000000084700000, 0x0000000084800000, 0x0000000084800000|100%| O|  |TAMS 0x0000000084800000, 0x0000000084700000| Untracked 
|  10|0x0000000084800000, 0x0000000084900000, 0x0000000084900000|100%| O|  |TAMS 0x0000000084900000, 0x0000000084800000| Untracked 
|  11|0x0000000084900000, 0x0000000084a00000, 0x0000000084a00000|100%| O|  |TAMS 0x0000000084a00000, 0x0000000084900000| Untracked 
|  12|0x0000000084a00000, 0x0000000084b00000, 0x0000000084b00000|100%| O|  |TAMS 0x0000000084b00000, 0x0000000084a00000| Untracked 
|  13|0x0000000084b00000, 0x0000000084c00000, 0x0000000084c00000|100%| O|  |TAMS 0x0000000084c00000, 0x0000000084b00000| Untracked 
|  14|0x0000000084c00000, 0x0000000084d00000, 0x0000000084d00000|100%| O|  |TAMS 0x0000000084d00000, 0x0000000084c00000| Untracked 
|  15|0x0000000084d00000, 0x0000000084e00000, 0x0000000084e00000|100%| O|  |TAMS 0x0000000084e00000, 0x0000000084d00000| Untracked 
|  16|0x0000000084e00000, 0x0000000084f00000, 0x0000000084f00000|100%| O|  |TAMS 0x0000000084f00000, 0x0000000084e00000| Untracked 
|  17|0x0000000084f00000, 0x0000000085000000, 0x0000000085000000|100%| O|  |TAMS 0x0000000085000000, 0x0000000084f00000| Untracked 
|  18|0x0000000085000000, 0x0000000085100000, 0x0000000085100000|100%| O|  |TAMS 0x0000000085100000, 0x0000000085000000| Untracked 
|  19|0x0000000085100000, 0x0000000085200000, 0x0000000085200000|100%| O|  |TAMS 0x0000000085200000, 0x0000000085100000| Untracked 
|  20|0x0000000085200000, 0x0000000085300000, 0x0000000085300000|100%| O|  |TAMS 0x0000000085300000, 0x0000000085200000| Untracked 
|  21|0x0000000085300000, 0x0000000085400000, 0x0000000085400000|100%| O|  |TAMS 0x0000000085400000, 0x0000000085300000| Untracked 
|  22|0x0000000085400000, 0x0000000085500000, 0x0000000085500000|100%| O|  |TAMS 0x0000000085500000, 0x0000000085400000| Untracked 
|  23|0x0000000085500000, 0x0000000085600000, 0x0000000085600000|100%| O|  |TAMS 0x0000000085600000, 0x0000000085500000| Untracked 
|  24|0x0000000085600000, 0x0000000085700000, 0x0000000085700000|100%| O|  |TAMS 0x0000000085700000, 0x0000000085600000| Untracked 
|  25|0x0000000085700000, 0x0000000085800000, 0x0000000085800000|100%| O|  |TAMS 0x0000000085800000, 0x0000000085700000| Untracked 
|  26|0x0000000085800000, 0x0000000085900000, 0x0000000085900000|100%| O|  |TAMS 0x0000000085900000, 0x0000000085800000| Untracked 
|  27|0x0000000085900000, 0x0000000085a00000, 0x0000000085a00000|100%| O|  |TAMS 0x0000000085a00000, 0x0000000085900000| Untracked 
|  28|0x0000000085a00000, 0x0000000085b00000, 0x0000000085b00000|100%| O|  |TAMS 0x0000000085b00000, 0x0000000085a00000| Untracked 
|  29|0x0000000085b00000, 0x0000000085c00000, 0x0000000085c00000|100%| O|  |TAMS 0x0000000085c00000, 0x0000000085b00000| Untracked 
|  30|0x0000000085c00000, 0x0000000085d00000, 0x0000000085d00000|100%| O|  |TAMS 0x0000000085d00000, 0x0000000085c00000| Untracked 
|  31|0x0000000085d00000, 0x0000000085e00000, 0x0000000085e00000|100%| O|  |TAMS 0x0000000085e00000, 0x0000000085d00000| Untracked 
|  32|0x0000000085e00000, 0x0000000085f00000, 0x0000000085f00000|100%| O|  |TAMS 0x0000000085f00000, 0x0000000085e00000| Untracked 
|  33|0x0000000085f00000, 0x0000000086000000, 0x0000000086000000|100%| O|  |TAMS 0x0000000086000000, 0x0000000085f00000| Untracked 
|  34|0x0000000086000000, 0x0000000086100000, 0x0000000086100000|100%| O|  |TAMS 0x0000000086100000, 0x0000000086000000| Untracked 
|  35|0x0000000086100000, 0x0000000086200000, 0x0000000086200000|100%| O|  |TAMS 0x0000000086200000, 0x0000000086100000| Untracked 
|  36|0x0000000086200000, 0x0000000086300000, 0x0000000086300000|100%| O|  |TAMS 0x0000000086300000, 0x0000000086200000| Untracked 
|  37|0x0000000086300000, 0x0000000086400000, 0x0000000086400000|100%| O|  |TAMS 0x0000000086400000, 0x0000000086300000| Untracked 
|  38|0x0000000086400000, 0x0000000086500000, 0x0000000086500000|100%| O|  |TAMS 0x0000000086500000, 0x0000000086400000| Untracked 
|  39|0x0000000086500000, 0x0000000086600000, 0x0000000086600000|100%| O|  |TAMS 0x0000000086600000, 0x0000000086500000| Untracked 
|  40|0x0000000086600000, 0x0000000086700000, 0x0000000086700000|100%| O|  |TAMS 0x0000000086700000, 0x0000000086600000| Untracked 
|  41|0x0000000086700000, 0x0000000086800000, 0x0000000086800000|100%| O|  |TAMS 0x0000000086800000, 0x0000000086700000| Untracked 
|  42|0x0000000086800000, 0x0000000086900000, 0x0000000086900000|100%| O|  |TAMS 0x0000000086900000, 0x0000000086800000| Untracked 
|  43|0x0000000086900000, 0x0000000086a00000, 0x0000000086a00000|100%| O|  |TAMS 0x0000000086a00000, 0x0000000086900000| Untracked 
|  44|0x0000000086a00000, 0x0000000086b00000, 0x0000000086b00000|100%| O|  |TAMS 0x0000000086b00000, 0x0000000086a00000| Untracked 
|  45|0x0000000086b00000, 0x0000000086c00000, 0x0000000086c00000|100%| O|  |TAMS 0x0000000086c00000, 0x0000000086b00000| Untracked 
|  46|0x0000000086c00000, 0x0000000086d00000, 0x0000000086d00000|100%| O|  |TAMS 0x0000000086d00000, 0x0000000086c00000| Untracked 
|  47|0x0000000086d00000, 0x0000000086e00000, 0x0000000086e00000|100%| O|  |TAMS 0x0000000086e00000, 0x0000000086d00000| Untracked 
|  48|0x0000000086e00000, 0x0000000086f00000, 0x0000000086f00000|100%| O|  |TAMS 0x0000000086f00000, 0x0000000086e00000| Untracked 
|  49|0x0000000086f00000, 0x0000000087000000, 0x0000000087000000|100%| O|  |TAMS 0x0000000087000000, 0x0000000086f00000| Untracked 
|  50|0x0000000087000000, 0x0000000087100000, 0x0000000087100000|100%| O|  |TAMS 0x0000000087100000, 0x0000000087000000| Untracked 
|  51|0x0000000087100000, 0x0000000087200000, 0x0000000087200000|100%| O|  |TAMS 0x0000000087200000, 0x0000000087100000| Untracked 
|  52|0x0000000087200000, 0x0000000087300000, 0x0000000087300000|100%| O|  |TAMS 0x0000000087300000, 0x0000000087200000| Untracked 
|  53|0x0000000087300000, 0x0000000087400000, 0x0000000087400000|100%| O|  |TAMS 0x0000000087400000, 0x0000000087300000| Untracked 
|  54|0x0000000087400000, 0x0000000087500000, 0x0000000087500000|100%| O|  |TAMS 0x0000000087500000, 0x0000000087400000| Untracked 
|  55|0x0000000087500000, 0x0000000087500000, 0x0000000087600000|  0%| F|  |TAMS 0x0000000087500000, 0x0000000087500000| Untracked 
|  56|0x0000000087600000, 0x0000000087700000, 0x0000000087700000|100%| O|  |TAMS 0x0000000087700000, 0x0000000087600000| Untracked 
|  57|0x0000000087700000, 0x0000000087800000, 0x0000000087800000|100%| O|  |TAMS 0x0000000087800000, 0x0000000087700000| Untracked 
|  58|0x0000000087800000, 0x0000000087900000, 0x0000000087900000|100%| O|  |TAMS 0x0000000087900000, 0x0000000087800000| Untracked 
|  59|0x0000000087900000, 0x0000000087a00000, 0x0000000087a00000|100%| O|  |TAMS 0x0000000087a00000, 0x0000000087900000| Untracked 
|  60|0x0000000087a00000, 0x0000000087b00000, 0x0000000087b00000|100%| O|  |TAMS 0x0000000087b00000, 0x0000000087a00000| Untracked 
|  61|0x0000000087b00000, 0x0000000087c00000, 0x0000000087c00000|100%| O|  |TAMS 0x0000000087c00000, 0x0000000087b00000| Untracked 
|  62|0x0000000087c00000, 0x0000000087d00000, 0x0000000087d00000|100%| O|  |TAMS 0x0000000087d00000, 0x0000000087c00000| Untracked 
|  63|0x0000000087d00000, 0x0000000087e00000, 0x0000000087e00000|100%| O|  |TAMS 0x0000000087e00000, 0x0000000087d00000| Untracked 
|  64|0x0000000087e00000, 0x0000000087f00000, 0x0000000087f00000|100%| O|  |TAMS 0x0000000087f00000, 0x0000000087e00000| Untracked 
|  65|0x0000000087f00000, 0x0000000088000000, 0x0000000088000000|100%| O|  |TAMS 0x0000000088000000, 0x0000000087f00000| Untracked 
|  66|0x0000000088000000, 0x0000000088100000, 0x0000000088100000|100%| O|  |TAMS 0x0000000088100000, 0x0000000088000000| Untracked 
|  67|0x0000000088100000, 0x0000000088200000, 0x0000000088200000|100%| O|  |TAMS 0x0000000088200000, 0x0000000088100000| Untracked 
|  68|0x0000000088200000, 0x0000000088300000, 0x0000000088300000|100%| O|  |TAMS 0x0000000088300000, 0x0000000088200000| Untracked 
|  69|0x0000000088300000, 0x0000000088400000, 0x0000000088400000|100%| O|  |TAMS 0x0000000088400000, 0x0000000088300000| Untracked 
|  70|0x0000000088400000, 0x0000000088500000, 0x0000000088500000|100%| O|  |TAMS 0x0000000088400000, 0x0000000088400000| Untracked 
|  71|0x0000000088500000, 0x0000000088600000, 0x0000000088600000|100%| O|  |TAMS 0x0000000088600000, 0x0000000088500000| Untracked 
|  72|0x0000000088600000, 0x0000000088700000, 0x0000000088700000|100%| O|  |TAMS 0x0000000088700000, 0x0000000088600000| Untracked 
|  73|0x0000000088700000, 0x0000000088800000, 0x0000000088800000|100%| O|  |TAMS 0x0000000088800000, 0x0000000088700000| Untracked 
|  74|0x0000000088800000, 0x0000000088900000, 0x0000000088900000|100%| O|  |TAMS 0x0000000088900000, 0x0000000088800000| Untracked 
|  75|0x0000000088900000, 0x0000000088a00000, 0x0000000088a00000|100%|HS|  |TAMS 0x0000000088a00000, 0x0000000088900000| Complete 
|  76|0x0000000088a00000, 0x0000000088b00000, 0x0000000088b00000|100%|HC|  |TAMS 0x0000000088b00000, 0x0000000088a00000| Complete 
|  77|0x0000000088b00000, 0x0000000088c00000, 0x0000000088c00000|100%|HC|  |TAMS 0x0000000088c00000, 0x0000000088b00000| Complete 
|  78|0x0000000088c00000, 0x0000000088d00000, 0x0000000088d00000|100%|HC|  |TAMS 0x0000000088d00000, 0x0000000088c00000| Complete 
|  79|0x0000000088d00000, 0x0000000088e00000, 0x0000000088e00000|100%|HC|  |TAMS 0x0000000088e00000, 0x0000000088d00000| Complete 
|  80|0x0000000088e00000, 0x0000000088f00000, 0x0000000088f00000|100%|HC|  |TAMS 0x0000000088f00000, 0x0000000088e00000| Complete 
|  81|0x0000000088f00000, 0x0000000089000000, 0x0000000089000000|100%|HC|  |TAMS 0x0000000089000000, 0x0000000088f00000| Complete 
|  82|0x0000000089000000, 0x0000000089100000, 0x0000000089100000|100%|HC|  |TAMS 0x0000000089100000, 0x0000000089000000| Complete 
|  83|0x0000000089100000, 0x0000000089200000, 0x0000000089200000|100%|HC|  |TAMS 0x0000000089200000, 0x0000000089100000| Complete 
|  84|0x0000000089200000, 0x0000000089300000, 0x0000000089300000|100%|HC|  |TAMS 0x0000000089300000, 0x0000000089200000| Complete 
|  85|0x0000000089300000, 0x0000000089400000, 0x0000000089400000|100%|HC|  |TAMS 0x0000000089400000, 0x0000000089300000| Complete 
|  86|0x0000000089400000, 0x0000000089500000, 0x0000000089500000|100%| O|  |TAMS 0x0000000089500000, 0x0000000089400000| Untracked 
|  87|0x0000000089500000, 0x0000000089600000, 0x0000000089600000|100%| O|  |TAMS 0x0000000089600000, 0x0000000089500000| Untracked 
|  88|0x0000000089600000, 0x0000000089700000, 0x0000000089700000|100%| O|  |TAMS 0x0000000089700000, 0x0000000089600000| Untracked 
|  89|0x0000000089700000, 0x0000000089800000, 0x0000000089800000|100%| O|  |TAMS 0x0000000089800000, 0x0000000089700000| Untracked 
|  90|0x0000000089800000, 0x0000000089900000, 0x0000000089900000|100%| O|  |TAMS 0x0000000089900000, 0x0000000089800000| Untracked 
|  91|0x0000000089900000, 0x0000000089a00000, 0x0000000089a00000|100%| O|  |TAMS 0x0000000089a00000, 0x0000000089900000| Untracked 
|  92|0x0000000089a00000, 0x0000000089b00000, 0x0000000089b00000|100%| O|  |TAMS 0x0000000089b00000, 0x0000000089a00000| Untracked 
|  93|0x0000000089b00000, 0x0000000089c00000, 0x0000000089c00000|100%| O|  |TAMS 0x0000000089c00000, 0x0000000089b00000| Untracked 
|  94|0x0000000089c00000, 0x0000000089d00000, 0x0000000089d00000|100%| O|  |TAMS 0x0000000089d00000, 0x0000000089c00000| Untracked 
|  95|0x0000000089d00000, 0x0000000089e00000, 0x0000000089e00000|100%| O|  |TAMS 0x0000000089e00000, 0x0000000089d00000| Untracked 
|  96|0x0000000089e00000, 0x0000000089f00000, 0x0000000089f00000|100%| O|  |TAMS 0x0000000089f00000, 0x0000000089e00000| Untracked 
|  97|0x0000000089f00000, 0x000000008a000000, 0x000000008a000000|100%| O|  |TAMS 0x000000008a000000, 0x0000000089f00000| Untracked 
|  98|0x000000008a000000, 0x000000008a100000, 0x000000008a100000|100%| O|  |TAMS 0x000000008a100000, 0x000000008a000000| Untracked 
|  99|0x000000008a100000, 0x000000008a200000, 0x000000008a200000|100%| O|  |TAMS 0x000000008a200000, 0x000000008a100000| Untracked 
| 100|0x000000008a200000, 0x000000008a300000, 0x000000008a300000|100%| O|  |TAMS 0x000000008a300000, 0x000000008a200000| Untracked 
| 101|0x000000008a300000, 0x000000008a400000, 0x000000008a400000|100%| O|  |TAMS 0x000000008a400000, 0x000000008a300000| Untracked 
| 102|0x000000008a400000, 0x000000008a500000, 0x000000008a500000|100%| O|  |TAMS 0x000000008a500000, 0x000000008a400000| Untracked 
| 103|0x000000008a500000, 0x000000008a600000, 0x000000008a600000|100%| O|  |TAMS 0x000000008a600000, 0x000000008a500000| Untracked 
| 104|0x000000008a600000, 0x000000008a700000, 0x000000008a700000|100%| O|  |TAMS 0x000000008a700000, 0x000000008a600000| Untracked 
| 105|0x000000008a700000, 0x000000008a800000, 0x000000008a800000|100%| O|  |TAMS 0x000000008a800000, 0x000000008a700000| Untracked 
| 106|0x000000008a800000, 0x000000008a900000, 0x000000008a900000|100%| O|  |TAMS 0x000000008a900000, 0x000000008a800000| Untracked 
| 107|0x000000008a900000, 0x000000008aa00000, 0x000000008aa00000|100%| O|  |TAMS 0x000000008aa00000, 0x000000008a900000| Untracked 
| 108|0x000000008aa00000, 0x000000008ab00000, 0x000000008ab00000|100%| O|  |TAMS 0x000000008ab00000, 0x000000008aa00000| Untracked 
| 109|0x000000008ab00000, 0x000000008ac00000, 0x000000008ac00000|100%| O|  |TAMS 0x000000008ac00000, 0x000000008ab00000| Untracked 
| 110|0x000000008ac00000, 0x000000008ad00000, 0x000000008ad00000|100%| O|  |TAMS 0x000000008ad00000, 0x000000008ac00000| Untracked 
| 111|0x000000008ad00000, 0x000000008ae00000, 0x000000008ae00000|100%| O|  |TAMS 0x000000008ae00000, 0x000000008ad00000| Untracked 
| 112|0x000000008ae00000, 0x000000008af00000, 0x000000008af00000|100%| O|  |TAMS 0x000000008af00000, 0x000000008ae00000| Untracked 
| 113|0x000000008af00000, 0x000000008b000000, 0x000000008b000000|100%| O|  |TAMS 0x000000008b000000, 0x000000008af00000| Untracked 
| 114|0x000000008b000000, 0x000000008b100000, 0x000000008b100000|100%| O|  |TAMS 0x000000008b100000, 0x000000008b000000| Untracked 
| 115|0x000000008b100000, 0x000000008b200000, 0x000000008b200000|100%| O|  |TAMS 0x000000008b200000, 0x000000008b100000| Untracked 
| 116|0x000000008b200000, 0x000000008b300000, 0x000000008b300000|100%| O|  |TAMS 0x000000008b300000, 0x000000008b200000| Untracked 
| 117|0x000000008b300000, 0x000000008b400000, 0x000000008b400000|100%| O|  |TAMS 0x000000008b400000, 0x000000008b300000| Untracked 
| 118|0x000000008b400000, 0x000000008b500000, 0x000000008b500000|100%| O|  |TAMS 0x000000008b500000, 0x000000008b400000| Untracked 
| 119|0x000000008b500000, 0x000000008b600000, 0x000000008b600000|100%| O|  |TAMS 0x000000008b600000, 0x000000008b500000| Untracked 
| 120|0x000000008b600000, 0x000000008b700000, 0x000000008b700000|100%| O|  |TAMS 0x000000008b700000, 0x000000008b600000| Untracked 
| 121|0x000000008b700000, 0x000000008b800000, 0x000000008b800000|100%| O|  |TAMS 0x000000008b77d400, 0x000000008b700000| Untracked 
| 122|0x000000008b800000, 0x000000008b900000, 0x000000008b900000|100%| O|  |TAMS 0x000000008b800000, 0x000000008b800000| Untracked 
| 123|0x000000008b900000, 0x000000008ba00000, 0x000000008ba00000|100%| O|  |TAMS 0x000000008b900000, 0x000000008b900000| Untracked 
| 124|0x000000008ba00000, 0x000000008bb00000, 0x000000008bb00000|100%| O|  |TAMS 0x000000008ba00000, 0x000000008ba00000| Untracked 
| 125|0x000000008bb00000, 0x000000008bc00000, 0x000000008bc00000|100%| O|  |TAMS 0x000000008bb00000, 0x000000008bb00000| Untracked 
| 126|0x000000008bc00000, 0x000000008bd00000, 0x000000008bd00000|100%| O|  |TAMS 0x000000008bc00000, 0x000000008bc00000| Untracked 
| 127|0x000000008bd00000, 0x000000008be00000, 0x000000008be00000|100%| O|  |TAMS 0x000000008bd00000, 0x000000008bd00000| Untracked 
| 128|0x000000008be00000, 0x000000008bf00000, 0x000000008bf00000|100%| O|  |TAMS 0x000000008be00000, 0x000000008be00000| Untracked 
| 129|0x000000008bf00000, 0x000000008c000000, 0x000000008c000000|100%| O|  |TAMS 0x000000008bf00000, 0x000000008bf00000| Untracked 
| 130|0x000000008c000000, 0x000000008c100000, 0x000000008c100000|100%| O|  |TAMS 0x000000008c000000, 0x000000008c000000| Untracked 
| 131|0x000000008c100000, 0x000000008c200000, 0x000000008c200000|100%| O|  |TAMS 0x000000008c100000, 0x000000008c100000| Untracked 
| 132|0x000000008c200000, 0x000000008c300000, 0x000000008c300000|100%| O|  |TAMS 0x000000008c200000, 0x000000008c200000| Untracked 
| 133|0x000000008c300000, 0x000000008c400000, 0x000000008c400000|100%| O|  |TAMS 0x000000008c300000, 0x000000008c300000| Untracked 
| 134|0x000000008c400000, 0x000000008c500000, 0x000000008c500000|100%| O|  |TAMS 0x000000008c400000, 0x000000008c400000| Untracked 
| 135|0x000000008c500000, 0x000000008c600000, 0x000000008c600000|100%| O|  |TAMS 0x000000008c500000, 0x000000008c500000| Untracked 
| 136|0x000000008c600000, 0x000000008c700000, 0x000000008c700000|100%| O|  |TAMS 0x000000008c600000, 0x000000008c600000| Untracked 
| 137|0x000000008c700000, 0x000000008c736c00, 0x000000008c800000| 21%| O|  |TAMS 0x000000008c700000, 0x000000008c700000| Untracked 
| 138|0x000000008c800000, 0x000000008c800000, 0x000000008c900000|  0%| F|  |TAMS 0x000000008c800000, 0x000000008c800000| Untracked 
| 139|0x000000008c900000, 0x000000008c900000, 0x000000008ca00000|  0%| F|  |TAMS 0x000000008c900000, 0x000000008c900000| Untracked 
| 140|0x000000008ca00000, 0x000000008ca00000, 0x000000008cb00000|  0%| F|  |TAMS 0x000000008ca00000, 0x000000008ca00000| Untracked 
| 141|0x000000008cb00000, 0x000000008cb00000, 0x000000008cc00000|  0%| F|  |TAMS 0x000000008cb00000, 0x000000008cb00000| Untracked 
| 142|0x000000008cc00000, 0x000000008cc00000, 0x000000008cd00000|  0%| F|  |TAMS 0x000000008cc00000, 0x000000008cc00000| Untracked 
| 143|0x000000008cd00000, 0x000000008cd00000, 0x000000008ce00000|  0%| F|  |TAMS 0x000000008cd00000, 0x000000008cd00000| Untracked 
| 144|0x000000008ce00000, 0x000000008ce00000, 0x000000008cf00000|  0%| F|  |TAMS 0x000000008ce00000, 0x000000008ce00000| Untracked 
| 145|0x000000008cf00000, 0x000000008cf00000, 0x000000008d000000|  0%| F|  |TAMS 0x000000008cf00000, 0x000000008cf00000| Untracked 
| 146|0x000000008d000000, 0x000000008d000000, 0x000000008d100000|  0%| F|  |TAMS 0x000000008d000000, 0x000000008d000000| Untracked 
| 147|0x000000008d100000, 0x000000008d100000, 0x000000008d200000|  0%| F|  |TAMS 0x000000008d100000, 0x000000008d100000| Untracked 
| 148|0x000000008d200000, 0x000000008d200000, 0x000000008d300000|  0%| F|  |TAMS 0x000000008d200000, 0x000000008d200000| Untracked 
| 149|0x000000008d300000, 0x000000008d300000, 0x000000008d400000|  0%| F|  |TAMS 0x000000008d300000, 0x000000008d300000| Untracked 
| 150|0x000000008d400000, 0x000000008d400000, 0x000000008d500000|  0%| F|  |TAMS 0x000000008d400000, 0x000000008d400000| Untracked 
| 151|0x000000008d500000, 0x000000008d500000, 0x000000008d600000|  0%| F|  |TAMS 0x000000008d500000, 0x000000008d500000| Untracked 
| 152|0x000000008d600000, 0x000000008d600000, 0x000000008d700000|  0%| F|  |TAMS 0x000000008d600000, 0x000000008d600000| Untracked 
| 153|0x000000008d700000, 0x000000008d700000, 0x000000008d800000|  0%| F|  |TAMS 0x000000008d700000, 0x000000008d700000| Untracked 
| 154|0x000000008d800000, 0x000000008d800000, 0x000000008d900000|  0%| F|  |TAMS 0x000000008d800000, 0x000000008d800000| Untracked 
| 155|0x000000008d900000, 0x000000008d900000, 0x000000008da00000|  0%| F|  |TAMS 0x000000008d900000, 0x000000008d900000| Untracked 
| 156|0x000000008da00000, 0x000000008da00000, 0x000000008db00000|  0%| F|  |TAMS 0x000000008da00000, 0x000000008da00000| Untracked 
| 157|0x000000008db00000, 0x000000008db00000, 0x000000008dc00000|  0%| F|  |TAMS 0x000000008db00000, 0x000000008db00000| Untracked 
| 158|0x000000008dc00000, 0x000000008dc00000, 0x000000008dd00000|  0%| F|  |TAMS 0x000000008dc00000, 0x000000008dc00000| Untracked 
| 159|0x000000008dd00000, 0x000000008dd00000, 0x000000008de00000|  0%| F|  |TAMS 0x000000008dd00000, 0x000000008dd00000| Untracked 
| 160|0x000000008de00000, 0x000000008de00000, 0x000000008df00000|  0%| F|  |TAMS 0x000000008de00000, 0x000000008de00000| Untracked 
| 161|0x000000008df00000, 0x000000008df00000, 0x000000008e000000|  0%| F|  |TAMS 0x000000008df00000, 0x000000008df00000| Untracked 
| 162|0x000000008e000000, 0x000000008e000000, 0x000000008e100000|  0%| F|  |TAMS 0x000000008e000000, 0x000000008e000000| Untracked 
| 163|0x000000008e100000, 0x000000008e100000, 0x000000008e200000|  0%| F|  |TAMS 0x000000008e100000, 0x000000008e100000| Untracked 
| 164|0x000000008e200000, 0x000000008e200000, 0x000000008e300000|  0%| F|  |TAMS 0x000000008e200000, 0x000000008e200000| Untracked 
| 165|0x000000008e300000, 0x000000008e300000, 0x000000008e400000|  0%| F|  |TAMS 0x000000008e300000, 0x000000008e300000| Untracked 
| 166|0x000000008e400000, 0x000000008e400000, 0x000000008e500000|  0%| F|  |TAMS 0x000000008e400000, 0x000000008e400000| Untracked 
| 167|0x000000008e500000, 0x000000008e500000, 0x000000008e600000|  0%| F|  |TAMS 0x000000008e500000, 0x000000008e500000| Untracked 
| 168|0x000000008e600000, 0x000000008e600000, 0x000000008e700000|  0%| F|  |TAMS 0x000000008e600000, 0x000000008e600000| Untracked 
| 169|0x000000008e700000, 0x000000008e700000, 0x000000008e800000|  0%| F|  |TAMS 0x000000008e700000, 0x000000008e700000| Untracked 
| 170|0x000000008e800000, 0x000000008e800000, 0x000000008e900000|  0%| F|  |TAMS 0x000000008e800000, 0x000000008e800000| Untracked 
| 171|0x000000008e900000, 0x000000008e900000, 0x000000008ea00000|  0%| F|  |TAMS 0x000000008e900000, 0x000000008e900000| Untracked 
| 172|0x000000008ea00000, 0x000000008ea00000, 0x000000008eb00000|  0%| F|  |TAMS 0x000000008ea00000, 0x000000008ea00000| Untracked 
| 173|0x000000008eb00000, 0x000000008eb00000, 0x000000008ec00000|  0%| F|  |TAMS 0x000000008eb00000, 0x000000008eb00000| Untracked 
| 174|0x000000008ec00000, 0x000000008ec00000, 0x000000008ed00000|  0%| F|  |TAMS 0x000000008ec00000, 0x000000008ec00000| Untracked 
| 175|0x000000008ed00000, 0x000000008ed00000, 0x000000008ee00000|  0%| F|  |TAMS 0x000000008ed00000, 0x000000008ed00000| Untracked 
| 176|0x000000008ee00000, 0x000000008ee00000, 0x000000008ef00000|  0%| F|  |TAMS 0x000000008ee00000, 0x000000008ee00000| Untracked 
| 177|0x000000008ef00000, 0x000000008ef00000, 0x000000008f000000|  0%| F|  |TAMS 0x000000008ef00000, 0x000000008ef00000| Untracked 
| 178|0x000000008f000000, 0x000000008f000000, 0x000000008f100000|  0%| F|  |TAMS 0x000000008f000000, 0x000000008f000000| Untracked 
| 179|0x000000008f100000, 0x000000008f100000, 0x000000008f200000|  0%| F|  |TAMS 0x000000008f100000, 0x000000008f100000| Untracked 
| 180|0x000000008f200000, 0x000000008f200000, 0x000000008f300000|  0%| F|  |TAMS 0x000000008f200000, 0x000000008f200000| Untracked 
| 181|0x000000008f300000, 0x000000008f300000, 0x000000008f400000|  0%| F|  |TAMS 0x000000008f300000, 0x000000008f300000| Untracked 
| 182|0x000000008f400000, 0x000000008f400000, 0x000000008f500000|  0%| F|  |TAMS 0x000000008f400000, 0x000000008f400000| Untracked 
| 183|0x000000008f500000, 0x000000008f500000, 0x000000008f600000|  0%| F|  |TAMS 0x000000008f500000, 0x000000008f500000| Untracked 
| 184|0x000000008f600000, 0x000000008f600000, 0x000000008f700000|  0%| F|  |TAMS 0x000000008f600000, 0x000000008f600000| Untracked 
| 185|0x000000008f700000, 0x000000008f700000, 0x000000008f800000|  0%| F|  |TAMS 0x000000008f700000, 0x000000008f700000| Untracked 
| 186|0x000000008f800000, 0x000000008f800000, 0x000000008f900000|  0%| F|  |TAMS 0x000000008f800000, 0x000000008f800000| Untracked 
| 187|0x000000008f900000, 0x000000008f900000, 0x000000008fa00000|  0%| F|  |TAMS 0x000000008f900000, 0x000000008f900000| Untracked 
| 188|0x000000008fa00000, 0x000000008fa00000, 0x000000008fb00000|  0%| F|  |TAMS 0x000000008fa00000, 0x000000008fa00000| Untracked 
| 189|0x000000008fb00000, 0x000000008fb00000, 0x000000008fc00000|  0%| F|  |TAMS 0x000000008fb00000, 0x000000008fb00000| Untracked 
| 190|0x000000008fc00000, 0x000000008fc00000, 0x000000008fd00000|  0%| F|  |TAMS 0x000000008fc00000, 0x000000008fc00000| Untracked 
| 191|0x000000008fd00000, 0x000000008fd00000, 0x000000008fe00000|  0%| F|  |TAMS 0x000000008fd00000, 0x000000008fd00000| Untracked 
| 192|0x000000008fe00000, 0x000000008fe00000, 0x000000008ff00000|  0%| F|  |TAMS 0x000000008fe00000, 0x000000008fe00000| Untracked 
| 193|0x000000008ff00000, 0x000000008ff00000, 0x0000000090000000|  0%| F|  |TAMS 0x000000008ff00000, 0x000000008ff00000| Untracked 
| 194|0x0000000090000000, 0x0000000090000000, 0x0000000090100000|  0%| F|  |TAMS 0x0000000090000000, 0x0000000090000000| Untracked 
| 195|0x0000000090100000, 0x0000000090100000, 0x0000000090200000|  0%| F|  |TAMS 0x0000000090100000, 0x0000000090100000| Untracked 
| 196|0x0000000090200000, 0x0000000090200000, 0x0000000090300000|  0%| F|  |TAMS 0x0000000090200000, 0x0000000090200000| Untracked 
| 197|0x0000000090300000, 0x0000000090300000, 0x0000000090400000|  0%| F|  |TAMS 0x0000000090300000, 0x0000000090300000| Untracked 
| 198|0x0000000090400000, 0x0000000090400000, 0x0000000090500000|  0%| F|  |TAMS 0x0000000090400000, 0x0000000090400000| Untracked 
| 199|0x0000000090500000, 0x0000000090500000, 0x0000000090600000|  0%| F|  |TAMS 0x0000000090500000, 0x0000000090500000| Untracked 
| 200|0x0000000090600000, 0x0000000090600000, 0x0000000090700000|  0%| F|  |TAMS 0x0000000090600000, 0x0000000090600000| Untracked 
| 201|0x0000000090700000, 0x0000000090700000, 0x0000000090800000|  0%| F|  |TAMS 0x0000000090700000, 0x0000000090700000| Untracked 
| 202|0x0000000090800000, 0x0000000090800000, 0x0000000090900000|  0%| F|  |TAMS 0x0000000090800000, 0x0000000090800000| Untracked 
| 203|0x0000000090900000, 0x0000000090900000, 0x0000000090a00000|  0%| F|  |TAMS 0x0000000090900000, 0x0000000090900000| Untracked 
| 204|0x0000000090a00000, 0x0000000090a00000, 0x0000000090b00000|  0%| F|  |TAMS 0x0000000090a00000, 0x0000000090a00000| Untracked 
| 205|0x0000000090b00000, 0x0000000090b00000, 0x0000000090c00000|  0%| F|  |TAMS 0x0000000090b00000, 0x0000000090b00000| Untracked 
| 206|0x0000000090c00000, 0x0000000090c00000, 0x0000000090d00000|  0%| F|  |TAMS 0x0000000090c00000, 0x0000000090c00000| Untracked 
| 207|0x0000000090d00000, 0x0000000090d00000, 0x0000000090e00000|  0%| F|  |TAMS 0x0000000090d00000, 0x0000000090d00000| Untracked 
| 208|0x0000000090e00000, 0x0000000090e00000, 0x0000000090f00000|  0%| F|  |TAMS 0x0000000090e00000, 0x0000000090e00000| Untracked 
| 209|0x0000000090f00000, 0x0000000090f00000, 0x0000000091000000|  0%| F|  |TAMS 0x0000000090f00000, 0x0000000090f00000| Untracked 
| 210|0x0000000091000000, 0x0000000091000000, 0x0000000091100000|  0%| F|  |TAMS 0x0000000091000000, 0x0000000091000000| Untracked 
| 211|0x0000000091100000, 0x0000000091100000, 0x0000000091200000|  0%| F|  |TAMS 0x0000000091100000, 0x0000000091100000| Untracked 
| 212|0x0000000091200000, 0x0000000091200000, 0x0000000091300000|  0%| F|  |TAMS 0x0000000091200000, 0x0000000091200000| Untracked 
| 213|0x0000000091300000, 0x0000000091300000, 0x0000000091400000|  0%| F|  |TAMS 0x0000000091300000, 0x0000000091300000| Untracked 
| 214|0x0000000091400000, 0x0000000091400000, 0x0000000091500000|  0%| F|  |TAMS 0x0000000091400000, 0x0000000091400000| Untracked 
| 215|0x0000000091500000, 0x0000000091500000, 0x0000000091600000|  0%| F|  |TAMS 0x0000000091500000, 0x0000000091500000| Untracked 
| 216|0x0000000091600000, 0x0000000091600000, 0x0000000091700000|  0%| F|  |TAMS 0x0000000091600000, 0x0000000091600000| Untracked 
| 217|0x0000000091700000, 0x0000000091700000, 0x0000000091800000|  0%| F|  |TAMS 0x0000000091700000, 0x0000000091700000| Untracked 
| 218|0x0000000091800000, 0x0000000091800000, 0x0000000091900000|  0%| F|  |TAMS 0x0000000091800000, 0x0000000091800000| Untracked 
| 219|0x0000000091900000, 0x0000000091900000, 0x0000000091a00000|  0%| F|  |TAMS 0x0000000091900000, 0x0000000091900000| Untracked 
| 220|0x0000000091a00000, 0x0000000091a00000, 0x0000000091b00000|  0%| F|  |TAMS 0x0000000091a00000, 0x0000000091a00000| Untracked 
| 221|0x0000000091b00000, 0x0000000091b00000, 0x0000000091c00000|  0%| F|  |TAMS 0x0000000091b00000, 0x0000000091b00000| Untracked 
| 222|0x0000000091c00000, 0x0000000091c00000, 0x0000000091d00000|  0%| F|  |TAMS 0x0000000091c00000, 0x0000000091c00000| Untracked 
| 223|0x0000000091d00000, 0x0000000091d00000, 0x0000000091e00000|  0%| F|  |TAMS 0x0000000091d00000, 0x0000000091d00000| Untracked 
| 224|0x0000000091e00000, 0x0000000091e00000, 0x0000000091f00000|  0%| F|  |TAMS 0x0000000091e00000, 0x0000000091e00000| Untracked 
| 225|0x0000000091f00000, 0x0000000091f00000, 0x0000000092000000|  0%| F|  |TAMS 0x0000000091f00000, 0x0000000091f00000| Untracked 
| 226|0x0000000092000000, 0x0000000092000000, 0x0000000092100000|  0%| F|  |TAMS 0x0000000092000000, 0x0000000092000000| Untracked 
| 227|0x0000000092100000, 0x0000000092100000, 0x0000000092200000|  0%| F|  |TAMS 0x0000000092100000, 0x0000000092100000| Untracked 
| 228|0x0000000092200000, 0x0000000092200000, 0x0000000092300000|  0%| F|  |TAMS 0x0000000092200000, 0x0000000092200000| Untracked 
| 229|0x0000000092300000, 0x0000000092300000, 0x0000000092400000|  0%| F|  |TAMS 0x0000000092300000, 0x0000000092300000| Untracked 
| 230|0x0000000092400000, 0x0000000092400000, 0x0000000092500000|  0%| F|  |TAMS 0x0000000092400000, 0x0000000092400000| Untracked 
| 231|0x0000000092500000, 0x0000000092500000, 0x0000000092600000|  0%| F|  |TAMS 0x0000000092500000, 0x0000000092500000| Untracked 
| 232|0x0000000092600000, 0x0000000092600000, 0x0000000092700000|  0%| F|  |TAMS 0x0000000092600000, 0x0000000092600000| Untracked 
| 233|0x0000000092700000, 0x0000000092700000, 0x0000000092800000|  0%| F|  |TAMS 0x0000000092700000, 0x0000000092700000| Untracked 
| 234|0x0000000092800000, 0x0000000092800000, 0x0000000092900000|  0%| F|  |TAMS 0x0000000092800000, 0x0000000092800000| Untracked 
| 235|0x0000000092900000, 0x0000000092900000, 0x0000000092a00000|  0%| F|  |TAMS 0x0000000092900000, 0x0000000092900000| Untracked 
| 236|0x0000000092a00000, 0x0000000092a00000, 0x0000000092b00000|  0%| F|  |TAMS 0x0000000092a00000, 0x0000000092a00000| Untracked 
| 237|0x0000000092b00000, 0x0000000092b00000, 0x0000000092c00000|  0%| F|  |TAMS 0x0000000092b00000, 0x0000000092b00000| Untracked 
| 238|0x0000000092c00000, 0x0000000092c00000, 0x0000000092d00000|  0%| F|  |TAMS 0x0000000092c00000, 0x0000000092c00000| Untracked 
| 239|0x0000000092d00000, 0x0000000092d00000, 0x0000000092e00000|  0%| F|  |TAMS 0x0000000092d00000, 0x0000000092d00000| Untracked 
| 240|0x0000000092e00000, 0x0000000092e00000, 0x0000000092f00000|  0%| F|  |TAMS 0x0000000092e00000, 0x0000000092e00000| Untracked 
| 241|0x0000000092f00000, 0x0000000092f00000, 0x0000000093000000|  0%| F|  |TAMS 0x0000000092f00000, 0x0000000092f00000| Untracked 
| 242|0x0000000093000000, 0x0000000093000000, 0x0000000093100000|  0%| F|  |TAMS 0x0000000093000000, 0x0000000093000000| Untracked 
| 243|0x0000000093100000, 0x0000000093100000, 0x0000000093200000|  0%| F|  |TAMS 0x0000000093100000, 0x0000000093100000| Untracked 
| 244|0x0000000093200000, 0x0000000093200000, 0x0000000093300000|  0%| F|  |TAMS 0x0000000093200000, 0x0000000093200000| Untracked 
| 245|0x0000000093300000, 0x0000000093300000, 0x0000000093400000|  0%| F|  |TAMS 0x0000000093300000, 0x0000000093300000| Untracked 
| 246|0x0000000093400000, 0x0000000093400000, 0x0000000093500000|  0%| F|  |TAMS 0x0000000093400000, 0x0000000093400000| Untracked 
| 247|0x0000000093500000, 0x0000000093500000, 0x0000000093600000|  0%| F|  |TAMS 0x0000000093500000, 0x0000000093500000| Untracked 
| 248|0x0000000093600000, 0x0000000093600000, 0x0000000093700000|  0%| F|  |TAMS 0x0000000093600000, 0x0000000093600000| Untracked 
| 249|0x0000000093700000, 0x0000000093700000, 0x0000000093800000|  0%| F|  |TAMS 0x0000000093700000, 0x0000000093700000| Untracked 
| 250|0x0000000093800000, 0x0000000093800000, 0x0000000093900000|  0%| F|  |TAMS 0x0000000093800000, 0x0000000093800000| Untracked 
| 251|0x0000000093900000, 0x0000000093900000, 0x0000000093a00000|  0%| F|  |TAMS 0x0000000093900000, 0x0000000093900000| Untracked 
| 252|0x0000000093a00000, 0x0000000093a00000, 0x0000000093b00000|  0%| F|  |TAMS 0x0000000093a00000, 0x0000000093a00000| Untracked 
| 253|0x0000000093b00000, 0x0000000093b00000, 0x0000000093c00000|  0%| F|  |TAMS 0x0000000093b00000, 0x0000000093b00000| Untracked 
| 254|0x0000000093c00000, 0x0000000093c00000, 0x0000000093d00000|  0%| F|  |TAMS 0x0000000093c00000, 0x0000000093c00000| Untracked 
| 255|0x0000000093d00000, 0x0000000093d00000, 0x0000000093e00000|  0%| F|  |TAMS 0x0000000093d00000, 0x0000000093d00000| Untracked 
| 256|0x0000000093e00000, 0x0000000093e00000, 0x0000000093f00000|  0%| F|  |TAMS 0x0000000093e00000, 0x0000000093e00000| Untracked 
| 257|0x0000000093f00000, 0x0000000093f00000, 0x0000000094000000|  0%| F|  |TAMS 0x0000000093f00000, 0x0000000093f00000| Untracked 
| 258|0x0000000094000000, 0x0000000094000000, 0x0000000094100000|  0%| F|  |TAMS 0x0000000094000000, 0x0000000094000000| Untracked 
| 259|0x0000000094100000, 0x0000000094100000, 0x0000000094200000|  0%| F|  |TAMS 0x0000000094100000, 0x0000000094100000| Untracked 
| 260|0x0000000094200000, 0x0000000094200000, 0x0000000094300000|  0%| F|  |TAMS 0x0000000094200000, 0x0000000094200000| Untracked 
| 261|0x0000000094300000, 0x0000000094300000, 0x0000000094400000|  0%| F|  |TAMS 0x0000000094300000, 0x0000000094300000| Untracked 
| 262|0x0000000094400000, 0x0000000094400000, 0x0000000094500000|  0%| F|  |TAMS 0x0000000094400000, 0x0000000094400000| Untracked 
| 263|0x0000000094500000, 0x000000009457cc30, 0x0000000094600000| 48%| S|CS|TAMS 0x0000000094500000, 0x0000000094500000| Complete 
| 264|0x0000000094600000, 0x0000000094700000, 0x0000000094700000|100%| S|CS|TAMS 0x0000000094600000, 0x0000000094600000| Complete 
| 265|0x0000000094700000, 0x0000000094700000, 0x0000000094800000|  0%| F|  |TAMS 0x0000000094700000, 0x0000000094700000| Untracked 
| 266|0x0000000094800000, 0x0000000094800000, 0x0000000094900000|  0%| F|  |TAMS 0x0000000094800000, 0x0000000094800000| Untracked 
| 267|0x0000000094900000, 0x0000000094900000, 0x0000000094a00000|  0%| F|  |TAMS 0x0000000094900000, 0x0000000094900000| Untracked 
| 268|0x0000000094a00000, 0x0000000094a00000, 0x0000000094b00000|  0%| F|  |TAMS 0x0000000094a00000, 0x0000000094a00000| Untracked 

Card table byte_map: [0x0000027afcf00000,0x0000027afd2f0000] _byte_map_base: 0x0000027afcae1000

Marking Bits (Prev, Next): (CMBitMap*) 0x0000027afc774b80, (CMBitMap*) 0x0000027afc774bc0
 Prev Bits: [0x0000027afd6e0000, 0x0000027aff5e8000)
 Next Bits: [0x0000027a967b0000, 0x0000027a986b8000)

Polling page: 0x0000027afa6d0000

Metaspace:

Usage:
  Non-class:     30.46 MB used.
      Class:      4.28 MB used.
       Both:     34.74 MB used.

Virtual space:
  Non-class space:       32.00 MB reserved,      30.69 MB ( 96%) committed,  4 nodes.
      Class space:        1.00 GB reserved,       4.50 MB ( <1%) committed,  1 nodes.
             Both:        1.03 GB reserved,      35.19 MB (  3%) committed. 

Chunk freelists:
   Non-Class:  1.06 MB
       Class:  3.52 MB
        Both:  4.58 MB

MaxMetaspaceSize: unlimited
CompressedClassSpaceSize: 1.00 GB
Initial GC threshold: 21.00 MB
Current GC threshold: 58.38 MB
CDS: on
MetaspaceReclaimPolicy: balanced
 - commit_granule_bytes: 65536.
 - commit_granule_words: 8192.
 - virtual_space_node_default_size: 1048576.
 - enlarge_chunks_in_place: 1.
 - new_chunks_are_fully_committed: 0.
 - uncommit_free_chunks: 1.
 - use_allocation_guard: 0.
 - handle_deallocations: 1.


Internal statistics:

num_allocs_failed_limit: 6.
num_arena_births: 668.
num_arena_deaths: 0.
num_vsnodes_births: 5.
num_vsnodes_deaths: 0.
num_space_committed: 562.
num_space_uncommitted: 0.
num_chunks_returned_to_freelist: 6.
num_chunks_taken_from_freelist: 1936.
num_chunk_merges: 6.
num_chunk_splits: 1272.
num_chunks_enlarged: 859.
num_purges: 0.
num_inconsistent_stats: 0.

CodeHeap 'non-profiled nmethods': size=120000Kb used=4076Kb max_used=4076Kb free=115924Kb
 bounds [0x0000027a8f280000, 0x0000027a8f680000, 0x0000027a967b0000]
CodeHeap 'profiled nmethods': size=120000Kb used=10483Kb max_used=10483Kb free=109517Kb
 bounds [0x0000027a877b0000, 0x0000027a881f0000, 0x0000027a8ece0000]
CodeHeap 'non-nmethods': size=5760Kb used=1353Kb max_used=1462Kb free=4406Kb
 bounds [0x0000027a8ece0000, 0x0000027a8ef50000, 0x0000027a8f280000]
 total_blobs=6182 nmethods=5485 adapters=607
 compilation: enabled
              stopped_count=0, restarted_count=0
 full_count=0

Compilation events (20 events):
Event: 12.028 Thread 0x0000027a9edd9ea0 nmethod 6271 0x0000027a8f66b110 code [0x0000027a8f66b680, 0x0000027a8f670610]
Event: 12.028 Thread 0x0000027a9edd9ea0 6273       4       net.minecraft.util.shape.VoxelSet::<init> (48 bytes)
Event: 12.029 Thread 0x0000027a9a893990 6306       2       com.google.common.collect.ImmutableSortedMap::<init> (8 bytes)
Event: 12.029 Thread 0x0000027a9a893990 nmethod 6306 0x0000027a881eb410 code [0x0000027a881eb5a0, 0x0000027a881eb798]
Event: 12.029 Thread 0x0000027a9a893990 6307       2       com.google.common.collect.ImmutableSortedMap::<init> (20 bytes)
Event: 12.029 Thread 0x0000027a9edd9ea0 nmethod 6273 0x0000027a8f673d90 code [0x0000027a8f673f00, 0x0000027a8f673ff8]
Event: 12.029 Thread 0x0000027a9a893990 nmethod 6307 0x0000027a881eb810 code [0x0000027a881eb9a0, 0x0000027a881ebbb8]
Event: 12.029 Thread 0x0000027a9edd9ea0 6244       4       com.google.common.collect.RegularImmutableSet::iterator (5 bytes)
Event: 12.029 Thread 0x0000027a9a893990 6308       2       com.google.common.collect.ImmutableSortedMapFauxverideShim::<init> (5 bytes)
Event: 12.029 Thread 0x0000027a9a893990 nmethod 6308 0x0000027a881ebc90 code [0x0000027a881ebe20, 0x0000027a881ebf18]
Event: 12.029 Thread 0x0000027a9a893990 6305       2       com.google.common.collect.ImmutableSortedMap::of (30 bytes)
Event: 12.030 Thread 0x0000027a9a893990 nmethod 6305 0x0000027a881ebf90 code [0x0000027a881ec180, 0x0000027a881ec928]
Event: 12.032 Thread 0x0000027a9edd9ea0 nmethod 6244 0x0000027a8f674110 code [0x0000027a8f6742a0, 0x0000027a8f674438]
Event: 12.032 Thread 0x0000027a9edd9ea0 6287       4       net.minecraft.util.shape.VoxelShapes::cuboid (46 bytes)
Event: 12.077 Thread 0x0000027a9edd9ea0 nmethod 6287 0x0000027a8f674590 code [0x0000027a8f6748c0, 0x0000027a8f6769a8]
Event: 12.077 Thread 0x0000027a9edd9ea0 6291       4       net.minecraft.util.shape.VoxelShapes::cuboidUnchecked (254 bytes)
Event: 12.112 Thread 0x0000027a9a893990 6314       1       net.minecraft.block.enums.BlockHalf::asString (5 bytes)
Event: 12.112 Thread 0x0000027a9a893990 nmethod 6314 0x0000027a8f677990 code [0x0000027a8f677b20, 0x0000027a8f677bf8]
Event: 12.119 Thread 0x0000027a9edd9ea0 nmethod 6291 0x0000027a8f677c90 code [0x0000027a8f677fc0, 0x0000027a8f67a008]
Event: 12.119 Thread 0x0000027a9edd9ea0 6311       4       net.minecraft.util.shape.VoxelShapes::combine (287 bytes)

GC Heap History (20 events):
Event: 7.133 GC heap after
{Heap after GC invocations=11 (full 0):
 garbage-first heap   total 258048K, used 100237K [0x0000000083e00000, 0x0000000100000000)
  region size 1024K, 7 young (7168K), 7 survivors (7168K)
 Metaspace       used 25592K, committed 25920K, reserved 1073152K
  class space    used 3009K, committed 3136K, reserved 1048576K
}
Event: 7.939 GC heap before
{Heap before GC invocations=11 (full 0):
 garbage-first heap   total 258048K, used 199565K [0x0000000083e00000, 0x0000000100000000)
  region size 1024K, 104 young (106496K), 7 survivors (7168K)
 Metaspace       used 27780K, committed 28224K, reserved 1081344K
  class space    used 3240K, committed 3456K, reserved 1048576K
}
Event: 7.947 GC heap after
{Heap after GC invocations=12 (full 0):
 garbage-first heap   total 258048K, used 101719K [0x0000000083e00000, 0x0000000100000000)
  region size 1024K, 8 young (8192K), 8 survivors (8192K)
 Metaspace       used 27780K, committed 28224K, reserved 1081344K
  class space    used 3240K, committed 3456K, reserved 1048576K
}
Event: 8.293 GC heap before
{Heap before GC invocations=12 (full 0):
 garbage-first heap   total 258048K, used 143703K [0x0000000083e00000, 0x0000000100000000)
  region size 1024K, 50 young (51200K), 8 survivors (8192K)
 Metaspace       used 28666K, committed 29120K, reserved 1081344K
  class space    used 3339K, committed 3584K, reserved 1048576K
}
Event: 8.300 GC heap after
{Heap after GC invocations=13 (full 0):
 garbage-first heap   total 258048K, used 101520K [0x0000000083e00000, 0x0000000100000000)
  region size 1024K, 5 young (5120K), 5 survivors (5120K)
 Metaspace       used 28666K, committed 29120K, reserved 1081344K
  class space    used 3339K, committed 3584K, reserved 1048576K
}
Event: 9.790 GC heap before
{Heap before GC invocations=14 (full 0):
 garbage-first heap   total 258048K, used 210064K [0x0000000083e00000, 0x0000000100000000)
  region size 1024K, 111 young (113664K), 5 survivors (5120K)
 Metaspace       used 32670K, committed 33088K, reserved 1081344K
  class space    used 3951K, committed 4160K, reserved 1048576K
}
Event: 9.804 GC heap after
{Heap after GC invocations=15 (full 0):
 garbage-first heap   total 258048K, used 104617K [0x0000000083e00000, 0x0000000100000000)
  region size 1024K, 8 young (8192K), 8 survivors (8192K)
 Metaspace       used 32670K, committed 33088K, reserved 1081344K
  class space    used 3951K, committed 4160K, reserved 1048576K
}
Event: 9.840 GC heap before
{Heap before GC invocations=15 (full 0):
 garbage-first heap   total 258048K, used 108713K [0x0000000083e00000, 0x0000000100000000)
  region size 1024K, 12 young (12288K), 8 survivors (8192K)
 Metaspace       used 32670K, committed 33088K, reserved 1081344K
  class space    used 3951K, committed 4160K, reserved 1048576K
}
Event: 9.849 GC heap after
{Heap after GC invocations=16 (full 0):
 garbage-first heap   total 258048K, used 105245K [0x0000000083e00000, 0x0000000100000000)
  region size 1024K, 2 young (2048K), 2 survivors (2048K)
 Metaspace       used 32670K, committed 33088K, reserved 1081344K
  class space    used 3951K, committed 4160K, reserved 1048576K
}
Event: 10.761 GC heap before
{Heap before GC invocations=16 (full 0):
 garbage-first heap   total 258048K, used 211741K [0x0000000083e00000, 0x0000000100000000)
  region size 1024K, 106 young (108544K), 2 survivors (2048K)
 Metaspace       used 34278K, committed 34752K, reserved 1081344K
  class space    used 4202K, committed 4416K, reserved 1048576K
}
Event: 10.773 GC heap after
{Heap after GC invocations=17 (full 0):
 garbage-first heap   total 258048K, used 113581K [0x0000000083e00000, 0x0000000100000000)
  region size 1024K, 10 young (10240K), 10 survivors (10240K)
 Metaspace       used 34278K, committed 34752K, reserved 1081344K
  class space    used 4202K, committed 4416K, reserved 1048576K
}
Event: 11.436 GC heap before
{Heap before GC invocations=18 (full 0):
 garbage-first heap   total 258048K, used 209837K [0x0000000083e00000, 0x0000000100000000)
  region size 1024K, 104 young (106496K), 10 survivors (10240K)
 Metaspace       used 34991K, committed 35520K, reserved 1081344K
  class space    used 4319K, committed 4544K, reserved 1048576K
}
Event: 11.457 GC heap after
{Heap after GC invocations=19 (full 0):
 garbage-first heap   total 258048K, used 124143K [0x0000000083e00000, 0x0000000100000000)
  region size 1024K, 11 young (11264K), 11 survivors (11264K)
 Metaspace       used 34991K, committed 35520K, reserved 1081344K
  class space    used 4319K, committed 4544K, reserved 1048576K
}
Event: 11.460 GC heap before
{Heap before GC invocations=19 (full 0):
 garbage-first heap   total 258048K, used 125167K [0x0000000083e00000, 0x0000000100000000)
  region size 1024K, 12 young (12288K), 11 survivors (11264K)
 Metaspace       used 34991K, committed 35520K, reserved 1081344K
  class space    used 4319K, committed 4544K, reserved 1048576K
}
Event: 11.471 GC heap after
{Heap after GC invocations=20 (full 0):
 garbage-first heap   total 258048K, used 124714K [0x0000000083e00000, 0x0000000100000000)
  region size 1024K, 2 young (2048K), 2 survivors (2048K)
 Metaspace       used 34991K, committed 35520K, reserved 1081344K
  class space    used 4319K, committed 4544K, reserved 1048576K
}
Event: 11.736 GC heap before
{Heap before GC invocations=20 (full 0):
 garbage-first heap   total 258048K, used 209706K [0x0000000083e00000, 0x0000000100000000)
  region size 1024K, 85 young (87040K), 2 survivors (2048K)
 Metaspace       used 34992K, committed 35520K, reserved 1081344K
  class space    used 4319K, committed 4544K, reserved 1048576K
}
Event: 11.746 GC heap after
{Heap after GC invocations=21 (full 0):
 garbage-first heap   total 258048K, used 131573K [0x0000000083e00000, 0x0000000100000000)
  region size 1024K, 8 young (8192K), 8 survivors (8192K)
 Metaspace       used 34992K, committed 35520K, reserved 1081344K
  class space    used 4319K, committed 4544K, reserved 1048576K
}
Event: 12.153 GC heap before
{Heap before GC invocations=22 (full 0):
 garbage-first heap   total 275456K, used 210421K [0x0000000083e00000, 0x0000000100000000)
  region size 1024K, 85 young (87040K), 8 survivors (8192K)
 Metaspace       used 35574K, committed 36032K, reserved 1081344K
  class space    used 4387K, committed 4608K, reserved 1048576K
}
Event: 12.171 GC heap after
{Heap after GC invocations=23 (full 0):
 garbage-first heap   total 275456K, used 140177K [0x0000000083e00000, 0x0000000100000000)
  region size 1024K, 9 young (9216K), 9 survivors (9216K)
 Metaspace       used 35574K, committed 36032K, reserved 1081344K
  class space    used 4387K, committed 4608K, reserved 1048576K
}
Event: 12.182 GC heap before
{Heap before GC invocations=23 (full 0):
 garbage-first heap   total 275456K, used 144273K [0x0000000083e00000, 0x0000000100000000)
  region size 1024K, 13 young (13312K), 9 survivors (9216K)
 Metaspace       used 35574K, committed 36032K, reserved 1081344K
  class space    used 4387K, committed 4608K, reserved 1048576K
}

Deoptimization events (20 events):
Event: 12.065 Thread 0x0000027afc71ad80 Uncommon trap: trap_request=0xffffff66 fr.pc=0x0000027a8f670208 relative=0x0000000000004b88
Event: 12.065 Thread 0x0000027afc71ad80 Uncommon trap: reason=speculate_class_check action=maybe_recompile pc=0x0000027a8f670208 method=net.minecraft.util.shape.VoxelShapes.combine(Lnet/minecraft/util/shape/VoxelShape;Lnet/minecraft/util/shape/VoxelShape;Lnet/minecraft/util/function/BooleanBiFu
Event: 12.065 Thread 0x0000027afc71ad80 DEOPT PACKING pc=0x0000027a8f670208 sp=0x0000008ec28fd7e0
Event: 12.065 Thread 0x0000027afc71ad80 DEOPT UNPACKING pc=0x0000027a8ed323a3 sp=0x0000008ec28fd7d8 mode 2
Event: 12.065 Thread 0x0000027afc71ad80 Uncommon trap: trap_request=0xffffff66 fr.pc=0x0000027a8f670208 relative=0x0000000000004b88
Event: 12.065 Thread 0x0000027afc71ad80 Uncommon trap: reason=speculate_class_check action=maybe_recompile pc=0x0000027a8f670208 method=net.minecraft.util.shape.VoxelShapes.combine(Lnet/minecraft/util/shape/VoxelShape;Lnet/minecraft/util/shape/VoxelShape;Lnet/minecraft/util/function/BooleanBiFu
Event: 12.065 Thread 0x0000027afc71ad80 DEOPT PACKING pc=0x0000027a8f670208 sp=0x0000008ec28fd320
Event: 12.065 Thread 0x0000027afc71ad80 DEOPT UNPACKING pc=0x0000027a8ed323a3 sp=0x0000008ec28fd318 mode 2
Event: 12.065 Thread 0x0000027afc71ad80 Uncommon trap: trap_request=0xffffff66 fr.pc=0x0000027a8f670208 relative=0x0000000000004b88
Event: 12.065 Thread 0x0000027afc71ad80 Uncommon trap: reason=speculate_class_check action=maybe_recompile pc=0x0000027a8f670208 method=net.minecraft.util.shape.VoxelShapes.combine(Lnet/minecraft/util/shape/VoxelShape;Lnet/minecraft/util/shape/VoxelShape;Lnet/minecraft/util/function/BooleanBiFu
Event: 12.065 Thread 0x0000027afc71ad80 DEOPT PACKING pc=0x0000027a8f670208 sp=0x0000008ec28fd320
Event: 12.065 Thread 0x0000027afc71ad80 DEOPT UNPACKING pc=0x0000027a8ed323a3 sp=0x0000008ec28fd318 mode 2
Event: 12.065 Thread 0x0000027afc71ad80 Uncommon trap: trap_request=0xffffff66 fr.pc=0x0000027a8f670208 relative=0x0000000000004b88
Event: 12.065 Thread 0x0000027afc71ad80 Uncommon trap: reason=speculate_class_check action=maybe_recompile pc=0x0000027a8f670208 method=net.minecraft.util.shape.VoxelShapes.combine(Lnet/minecraft/util/shape/VoxelShape;Lnet/minecraft/util/shape/VoxelShape;Lnet/minecraft/util/function/BooleanBiFu
Event: 12.065 Thread 0x0000027afc71ad80 DEOPT PACKING pc=0x0000027a8f670208 sp=0x0000008ec28fd320
Event: 12.065 Thread 0x0000027afc71ad80 DEOPT UNPACKING pc=0x0000027a8ed323a3 sp=0x0000008ec28fd318 mode 2
Event: 12.071 Thread 0x0000027afc71ad80 DEOPT PACKING pc=0x0000027a87df37bf sp=0x0000008ec28fbe50
Event: 12.071 Thread 0x0000027afc71ad80 DEOPT UNPACKING pc=0x0000027a8ed32b43 sp=0x0000008ec28fb560 mode 0
Event: 12.073 Thread 0x0000027afc71ad80 DEOPT PACKING pc=0x0000027a87df2652 sp=0x0000008ec28fbe50
Event: 12.073 Thread 0x0000027afc71ad80 DEOPT UNPACKING pc=0x0000027a8ed32b43 sp=0x0000008ec28fb560 mode 0

Classes unloaded (0 events):
No events

Classes redefined (0 events):
No events

Internal exceptions (20 events):
Event: 9.624 Thread 0x0000027afc71ad80 Exception <a 'java/lang/NoSuchMethodError'{0x000000008df89780}: 'int java.lang.invoke.DirectMethodHandle$Holder.invokeStaticInit(java.lang.Object, java.lang.Object, java.lang.Object, java.lang.Object)'> (0x000000008df89780) 
thrown [s\open\src\hotspot\share\interpreter\linkResolver.cpp, line 759]
Event: 9.939 Thread 0x0000027afc71ad80 Exception <a 'java/lang/NoSuchMethodError'{0x00000000929faad0}: 'java.lang.Object java.lang.invoke.DirectMethodHandle$Holder.newInvokeSpecial(java.lang.Object, int, java.lang.Object, java.lang.Object)'> (0x00000000929faad0) 
thrown [s\open\src\hotspot\share\interpreter\linkResolver.cpp, line 759]
Event: 9.967 Thread 0x0000027afc71ad80 Exception <a 'java/lang/NoSuchMethodError'{0x00000000927598c0}: 'java.lang.Object java.lang.invoke.DirectMethodHandle$Holder.newInvokeSpecial(java.lang.Object, java.lang.Object, java.lang.Object, java.lang.Object, java.lang.Object, java.lang.Object, java.lang.Object, java.lang.Object)'> (0x00000000927598c0) 
thrown [s\open\src\hotspot\share\interpreter\linkResolver.cpp, line 759]
Event: 9.967 Thread 0x0000027afc71ad80 Exception <a 'java/lang/NoSuchMethodError'{0x000000009275e320}: 'java.lang.Object java.lang.invoke.Invokers$Holder.linkToTargetMethod(java.lang.Object, java.lang.Object, java.lang.Object, java.lang.Object, java.lang.Object, java.lang.Object, java.lang.Object, java.lang.Object)'> (0x000000009275e320) 
thrown [s\open\src\hotspot\share\interpreter\linkResolver.cpp, line 759]
Event: 10.000 Thread 0x0000027afc71ad80 Exception <a 'java/lang/NoSuchMethodError'{0x0000000092436138}: 'java.lang.Object java.lang.invoke.DirectMethodHandle$Holder.invokeStaticInit(java.lang.Object, int, java.lang.Object)'> (0x0000000092436138) 
thrown [s\open\src\hotspot\share\interpreter\linkResolver.cpp, line 759]
Event: 10.210 Thread 0x0000027afc71ad80 Exception <a 'java/lang/NoSuchMethodError'{0x000000009168efb0}: 'java.lang.Object java.lang.invoke.DirectMethodHandle$Holder.newInvokeSpecial(java.lang.Object, float)'> (0x000000009168efb0) 
thrown [s\open\src\hotspot\share\interpreter\linkResolver.cpp, line 759]
Event: 10.406 Thread 0x0000027afc71ad80 Exception <a 'java/lang/NoSuchMethodError'{0x0000000090943030}: 'void java.lang.invoke.DirectMethodHandle$Holder.invokeStaticInit(java.lang.Object, java.lang.Object, java.lang.Object, int)'> (0x0000000090943030) 
thrown [s\open\src\hotspot\share\interpreter\linkResolver.cpp, line 759]
Event: 10.407 Thread 0x0000027afc71ad80 Exception <a 'java/lang/NoSuchMethodError'{0x000000009094a5f0}: 'void java.lang.invoke.DirectMethodHandle$Holder.invokeSpecial(java.lang.Object, java.lang.Object, java.lang.Object, int)'> (0x000000009094a5f0) 
thrown [s\open\src\hotspot\share\interpreter\linkResolver.cpp, line 759]
Event: 10.421 Thread 0x0000027afc71ad80 Exception <a 'java/lang/NoSuchMethodError'{0x00000000909b57e0}: 'java.lang.Object java.lang.invoke.DirectMethodHandle$Holder.invokeStatic(java.lang.Object, java.lang.Object, java.lang.Object, java.lang.Object, java.lang.Object, java.lang.Object, int)'> (0x00000000909b57e0) 
thrown [s\open\src\hotspot\share\interpreter\linkResolver.cpp, line 759]
Event: 10.421 Thread 0x0000027afc71ad80 Exception <a 'java/lang/NoSuchMethodError'{0x00000000909b9528}: 'java.lang.Object java.lang.invoke.DirectMethodHandle$Holder.invokeStaticInit(java.lang.Object, java.lang.Object, java.lang.Object, java.lang.Object, java.lang.Object, java.lang.Object, int)'> (0x00000000909b9528) 
thrown [s\open\src\hotspot\share\interpreter\linkResolver.cpp, line 759]
Event: 10.593 Thread 0x0000027afc71ad80 Exception <a 'java/lang/NoSuchMethodError'{0x000000008e8389a8}: 'int java.lang.invoke.DirectMethodHandle$Holder.invokeStatic(java.lang.Object, int, java.lang.Object)'> (0x000000008e8389a8) 
thrown [s\open\src\hotspot\share\interpreter\linkResolver.cpp, line 759]
Event: 10.593 Thread 0x0000027afc71ad80 Exception <a 'java/lang/NoSuchMethodError'{0x000000008e83bf80}: 'int java.lang.invoke.DirectMethodHandle$Holder.invokeStaticInit(java.lang.Object, int, java.lang.Object)'> (0x000000008e83bf80) 
thrown [s\open\src\hotspot\share\interpreter\linkResolver.cpp, line 759]
Event: 10.611 Thread 0x0000027afc71ad80 Exception <a 'java/lang/NoSuchMethodError'{0x000000008e71db40}: 'java.lang.Object java.lang.invoke.DirectMethodHandle$Holder.invokeSpecial(java.lang.Object, java.lang.Object, java.lang.Object, java.lang.Object, java.lang.Object, java.lang.Object, java.lang.Object, java.lang.Object, java.lang.Object, java.lang.Object, java.lang.Object, java.lang.Object)'> (0x000000008e71db40) 
thrown [s\open\src\hotspot\share\interpreter\linkResolver.cpp, line 759]
Event: 10.613 Thread 0x0000027afc71ad80 Exception <a 'java/lang/NoSuchMethodError'{0x000000008e74b4a0}: 'java.lang.Object java.lang.invoke.Invokers$Holder.invoker(java.lang.Object, java.lang.Object, java.lang.Object, java.lang.Object, java.lang.Object, java.lang.Object, java.lang.Object, java.lang.Object, java.lang.Object, java.lang.Object, java.lang.Object, java.lang.Object, java.lang.Object, java.lang.Object, java.lang.Object, java.lang.Object, java.lang.Object)'> (0x000000008e74b4a0) 
thrown [s\open\src\hotspot\share\interpreter\linkResolver.
Event: 10.614 Thread 0x0000027afc71ad80 Exception <a 'java/lang/NoSuchMethodError'{0x000000008e756588}: 'java.lang.Object java.lang.invoke.DelegatingMethodHandle$Holder.delegate(java.lang.Object, java.lang.Object, java.lang.Object, java.lang.Object, java.lang.Object, java.lang.Object, java.lang.Object, java.lang.Object, java.lang.Object, java.lang.Object, java.lang.Object, java.lang.Object, java.lang.Object, java.lang.Object, java.lang.Object, java.lang.Object, java.lang.Object)'> (0x000000008e756588) 
thrown [s\open\src\hotspot\share\interprete
Event: 10.619 Thread 0x0000027afc71ad80 Exception <a 'java/lang/NoSuchMethodError'{0x000000008e787ee8}: 'java.lang.Object java.lang.invoke.DirectMethodHandle$Holder.invokeSpecial(java.lang.Object, java.lang.Object, java.lang.Object, java.lang.Object, java.lang.Object, java.lang.Object, java.lang.Object, java.lang.Object, java.lang.Object, java.lang.Object, java.lang.Object, java.lang.Object, java.lang.Object)'> (0x000000008e787ee8) 
thrown [s\open\src\hotspot\share\interpreter\linkResolver.cpp, line 759]
Event: 10.619 Thread 0x0000027afc71ad80 Exception <a 'java/lang/NoSuchMethodError'{0x000000008e78ca28}: 'java.lang.Object java.lang.invoke.Invokers$Holder.invoker(java.lang.Object, java.lang.Object, java.lang.Object, java.lang.Object, java.lang.Object, java.lang.Object, java.lang.Object, java.lang.Object, java.lang.Object, java.lang.Object, java.lang.Object, java.lang.Object, java.lang.Object)'> (0x000000008e78ca28) 
thrown [s\open\src\hotspot\share\interpreter\linkResolver.cpp, line 759]
Event: 10.620 Thread 0x0000027afc71ad80 Exception <a 'java/lang/NoSuchMethodError'{0x000000008e792590}: 'java.lang.Object java.lang.invoke.DirectMethodHandle$Holder.invokeSpecial(java.lang.Object, java.lang.Object, java.lang.Object, java.lang.Object, java.lang.Object, java.lang.Object, java.lang.Object, java.lang.Object, java.lang.Object, java.lang.Object, java.lang.Object, java.lang.Object, java.lang.Object, java.lang.Object)'> (0x000000008e792590) 
thrown [s\open\src\hotspot\share\interpreter\linkResolver.cpp, line 759]
Event: 10.702 Thread 0x0000027afc71ad80 Exception <a 'java/lang/NoSuchMethodError'{0x000000008d6a0fe8}: 'int java.lang.invoke.DirectMethodHandle$Holder.invokeStaticInit(java.lang.Object, java.lang.Object, java.lang.Object, java.lang.Object, java.lang.Object)'> (0x000000008d6a0fe8) 
thrown [s\open\src\hotspot\share\interpreter\linkResolver.cpp, line 759]
Event: 10.930 Thread 0x0000027afc71ad80 Exception <a 'java/lang/NoSuchMethodError'{0x0000000092c72c78}: 'java.lang.Object java.lang.invoke.DirectMethodHandle$Holder.newInvokeSpecial(java.lang.Object, int, int, int, int, int, int)'> (0x0000000092c72c78) 
thrown [s\open\src\hotspot\share\interpreter\linkResolver.cpp, line 759]

VM Operations (20 events):
Event: 10.843 Executing VM operation: HandshakeAllThreads done
Event: 10.931 Executing VM operation: G1Concurrent
Event: 10.935 Executing VM operation: G1Concurrent done
Event: 10.938 Executing VM operation: HandshakeAllThreads
Event: 10.938 Executing VM operation: HandshakeAllThreads done
Event: 11.010 Executing VM operation: G1Concurrent
Event: 11.010 Executing VM operation: G1Concurrent done
Event: 11.436 Executing VM operation: G1CollectForAllocation
Event: 11.457 Executing VM operation: G1CollectForAllocation done
Event: 11.460 Executing VM operation: G1CollectForAllocation
Event: 11.471 Executing VM operation: G1CollectForAllocation done
Event: 11.735 Executing VM operation: G1CollectForAllocation
Event: 11.746 Executing VM operation: G1CollectForAllocation done
Event: 11.932 Executing VM operation: G1Concurrent
Event: 11.935 Executing VM operation: G1Concurrent done
Event: 12.020 Executing VM operation: G1Concurrent
Event: 12.021 Executing VM operation: G1Concurrent done
Event: 12.153 Executing VM operation: G1CollectForAllocation
Event: 12.172 Executing VM operation: G1CollectForAllocation done
Event: 12.182 Executing VM operation: G1CollectForAllocation

Events (20 events):
Event: 10.839 loading class java/util/stream/MatchOps$MatchOp
Event: 10.839 loading class java/util/stream/MatchOps$MatchOp done
Event: 10.839 loading class java/util/stream/MatchOps$BooleanTerminalSink
Event: 10.839 loading class java/util/stream/MatchOps$BooleanTerminalSink done
Event: 10.840 loading class java/util/stream/MatchOps$1MatchSink
Event: 10.840 loading class java/util/stream/MatchOps$1MatchSink done
Event: 10.847 Thread 0x0000027a9a869180 flushing nmethod 0x0000027a879ae110
Event: 10.847 Thread 0x0000027a9a869180 flushing nmethod 0x0000027a87a0b610
Event: 10.871 loading class java/util/stream/ReduceOps$5
Event: 10.871 loading class java/util/stream/ReduceOps$5 done
Event: 10.871 loading class java/util/stream/ReduceOps$CountingSink$OfRef
Event: 10.872 loading class java/util/stream/ReduceOps$CountingSink
Event: 10.872 loading class java/util/stream/ReduceOps$CountingSink done
Event: 10.872 loading class java/util/stream/ReduceOps$CountingSink$OfRef done
Event: 11.887 loading class java/util/stream/StreamSpliterators$WrappingSpliterator
Event: 11.887 loading class java/util/stream/StreamSpliterators$AbstractWrappingSpliterator
Event: 11.888 loading class java/util/stream/StreamSpliterators$AbstractWrappingSpliterator done
Event: 11.888 loading class java/util/stream/StreamSpliterators$WrappingSpliterator done
Event: 11.888 loading class java/util/stream/StreamSpliterators
Event: 11.888 loading class java/util/stream/StreamSpliterators done


Dynamic libraries:
0x00007ff701950000 - 0x00007ff701960000 	C:\Program Files\Java\jdk-17\bin\java.exe
0x00007ffe611b0000 - 0x00007ffe613c4000 	C:\WINDOWS\SYSTEM32\ntdll.dll
0x00007ffe5efc0000 - 0x00007ffe5f083000 	C:\WINDOWS\System32\KERNEL32.DLL
0x00007ffe5e790000 - 0x00007ffe5eb2c000 	C:\WINDOWS\System32\KERNELBASE.dll
0x00007ffe5eb60000 - 0x00007ffe5ec71000 	C:\WINDOWS\System32\ucrtbase.dll
0x00007ffe49d50000 - 0x00007ffe49d6b000 	C:\Program Files\Java\jdk-17\bin\VCRUNTIME140.dll
0x00007ffe49cf0000 - 0x00007ffe49d08000 	C:\Program Files\Java\jdk-17\bin\jli.dll
0x00007ffe60340000 - 0x00007ffe603ee000 	C:\WINDOWS\System32\ADVAPI32.dll
0x00007ffe60160000 - 0x00007ffe60207000 	C:\WINDOWS\System32\msvcrt.dll
0x00007ffe5f890000 - 0x00007ffe5f934000 	C:\WINDOWS\System32\sechost.dll
0x00007ffe5fde0000 - 0x00007ffe5fef5000 	C:\WINDOWS\System32\RPCRT4.dll
0x00007ffe5f180000 - 0x00007ffe5f32d000 	C:\WINDOWS\System32\USER32.dll
0x00007ffe5eb30000 - 0x00007ffe5eb56000 	C:\WINDOWS\System32\win32u.dll
0x00007ffe5f150000 - 0x00007ffe5f179000 	C:\WINDOWS\System32\GDI32.dll
0x00007ffe3db20000 - 0x00007ffe3ddae000 	C:\WINDOWS\WinSxS\amd64_microsoft.windows.common-controls_6595b64144ccf1df_6.0.22621.608_none_a9444ca7c10bb01d\COMCTL32.dll
0x00007ffe5e5f0000 - 0x00007ffe5e702000 	C:\WINDOWS\System32\gdi32full.dll
0x00007ffe5ec80000 - 0x00007ffe5ed1a000 	C:\WINDOWS\System32\msvcp_win.dll
0x00007ffe50cd0000 - 0x00007ffe50cda000 	C:\WINDOWS\SYSTEM32\VERSION.dll
0x00007ffe60840000 - 0x00007ffe60872000 	C:\WINDOWS\System32\IMM32.DLL
0x00007ffe4bb30000 - 0x00007ffe4bb3c000 	C:\Program Files\Java\jdk-17\bin\vcruntime140_1.dll
0x00007ffe47ab0000 - 0x00007ffe47b3e000 	C:\Program Files\Java\jdk-17\bin\msvcp140.dll
0x00007ffe0b3e0000 - 0x00007ffe0bfb7000 	C:\Program Files\Java\jdk-17\bin\server\jvm.dll
0x00007ffe60330000 - 0x00007ffe60338000 	C:\WINDOWS\System32\PSAPI.DLL
0x00007ffe4b9f0000 - 0x00007ffe4b9f9000 	C:\WINDOWS\SYSTEM32\WSOCK32.dll
0x00007ffe58d70000 - 0x00007ffe58da4000 	C:\WINDOWS\SYSTEM32\WINMM.dll
0x00007ffe5fd60000 - 0x00007ffe5fdd1000 	C:\WINDOWS\System32\WS2_32.dll
0x00007ffe5d640000 - 0x00007ffe5d658000 	C:\WINDOWS\SYSTEM32\kernel.appcore.dll
0x00007ffe4bb20000 - 0x00007ffe4bb2a000 	C:\Program Files\Java\jdk-17\bin\jimage.dll
0x00007ffe58f80000 - 0x00007ffe591ae000 	C:\WINDOWS\SYSTEM32\DBGHELP.DLL
0x00007ffe5f9d0000 - 0x00007ffe5fd5a000 	C:\WINDOWS\System32\combase.dll
0x00007ffe5f330000 - 0x00007ffe5f407000 	C:\WINDOWS\System32\OLEAUT32.dll
0x00007ffe3d870000 - 0x00007ffe3d8a2000 	C:\WINDOWS\SYSTEM32\dbgcore.DLL
0x00007ffe5e710000 - 0x00007ffe5e78b000 	C:\WINDOWS\System32\bcryptPrimitives.dll
0x00007ffe47ee0000 - 0x00007ffe47f05000 	C:\Program Files\Java\jdk-17\bin\java.dll
0x00007ffe2cb80000 - 0x00007ffe2cc57000 	C:\Program Files\Java\jdk-17\bin\jsvml.dll
0x00007ffe60880000 - 0x00007ffe6106f000 	C:\WINDOWS\System32\SHELL32.dll
0x00007ffe5c610000 - 0x00007ffe5ced8000 	C:\WINDOWS\SYSTEM32\windows.storage.dll
0x00007ffe5c4d0000 - 0x00007ffe5c60e000 	C:\WINDOWS\SYSTEM32\wintypes.dll
0x00007ffe606c0000 - 0x00007ffe607b1000 	C:\WINDOWS\System32\SHCORE.dll
0x00007ffe5ff00000 - 0x00007ffe5ff5e000 	C:\WINDOWS\System32\shlwapi.dll
0x00007ffe5e520000 - 0x00007ffe5e541000 	C:\WINDOWS\SYSTEM32\profapi.dll
0x00007ffe48b50000 - 0x00007ffe48b69000 	C:\Program Files\Java\jdk-17\bin\net.dll
0x00007ffe586e0000 - 0x00007ffe5880f000 	C:\WINDOWS\SYSTEM32\WINHTTP.dll
0x00007ffe5dab0000 - 0x00007ffe5db19000 	C:\WINDOWS\system32\mswsock.dll
0x00007ffe47ec0000 - 0x00007ffe47ed6000 	C:\Program Files\Java\jdk-17\bin\nio.dll
0x00007ffe47ea0000 - 0x00007ffe47eb8000 	C:\Program Files\Java\jdk-17\bin\zip.dll
0x00007ffe4ba30000 - 0x00007ffe4ba3a000 	C:\Program Files\Java\jdk-17\bin\management.dll
0x00007ffe47e90000 - 0x00007ffe47e9b000 	C:\Program Files\Java\jdk-17\bin\management_ext.dll
0x00007ffddd710000 - 0x00007ffddd727000 	C:\WINDOWS\system32\napinsp.dll
0x00007ffddd6f0000 - 0x00007ffddd70b000 	C:\WINDOWS\system32\pnrpnsp.dll
0x00007ffe5d1f0000 - 0x00007ffe5d2e3000 	C:\WINDOWS\SYSTEM32\DNSAPI.dll
0x00007ffe5d170000 - 0x00007ffe5d19d000 	C:\WINDOWS\SYSTEM32\IPHLPAPI.DLL
0x00007ffe60150000 - 0x00007ffe60159000 	C:\WINDOWS\System32\NSI.dll
0x00007ffddd6d0000 - 0x00007ffddd6e1000 	C:\WINDOWS\System32\winrnr.dll
0x00007ffe51eb0000 - 0x00007ffe51ec5000 	C:\WINDOWS\system32\wshbth.dll
0x00007ffdf2d10000 - 0x00007ffdf2d31000 	C:\WINDOWS\system32\nlansp_c.dll
0x00007ffe51e40000 - 0x00007ffe51e4a000 	C:\Windows\System32\rasadhlp.dll
0x00007ffe526b0000 - 0x00007ffe52733000 	C:\WINDOWS\System32\fwpuclnt.dll
0x00007ffe449b0000 - 0x00007ffe449c0000 	C:\Program Files\Java\jdk-17\bin\verify.dll
0x00007ffe5dd70000 - 0x00007ffe5dd8b000 	C:\WINDOWS\SYSTEM32\CRYPTSP.dll
0x00007ffe5d5b0000 - 0x00007ffe5d5e5000 	C:\WINDOWS\system32\rsaenh.dll
0x00007ffe5dba0000 - 0x00007ffe5dbc8000 	C:\WINDOWS\SYSTEM32\USERENV.dll
0x00007ffe5df10000 - 0x00007ffe5df38000 	C:\WINDOWS\SYSTEM32\bcrypt.dll
0x00007ffe5dd90000 - 0x00007ffe5dd9c000 	C:\WINDOWS\SYSTEM32\CRYPTBASE.dll
0x00007ffe53b60000 - 0x00007ffe53b79000 	C:\WINDOWS\SYSTEM32\dhcpcsvc6.DLL
0x00007ffe53ac0000 - 0x00007ffe53adf000 	C:\WINDOWS\SYSTEM32\dhcpcsvc.DLL
0x00007ffe47420000 - 0x00007ffe47460000 	C:\Users\bpole\AppData\Local\Temp\jna-93951770\jna4173723388432467702.dll
0x00007ffe60500000 - 0x00007ffe6069c000 	C:\WINDOWS\System32\Ole32.dll
0x00007ffe60450000 - 0x00007ffe60500000 	C:\WINDOWS\System32\clbcatq.dll
0x00007ffe3a290000 - 0x00007ffe3a2ad000 	C:\WINDOWS\SYSTEM32\amsi.dll
0x00007ffe36c00000 - 0x00007ffe36c7b000 	C:\ProgramData\Microsoft\Windows Defender\Platform\4.18.2301.6-0\MpOav.dll
0x00007ffdc8450000 - 0x00007ffdc84a0000 	C:\WINDOWS\SYSTEM32\Pdh.dll
0x00007ffe56250000 - 0x00007ffe56260000 	C:\WINDOWS\System32\perfos.dll
0x00007ffe58270000 - 0x00007ffe58280000 	C:\WINDOWS\SYSTEM32\pfclient.dll

dbghelp: loaded successfully - version: 4.0.5 - missing functions: none
symbol engine: initialized successfully - sym options: 0x614 - pdb path: .;C:\Program Files\Java\jdk-17\bin;C:\WINDOWS\SYSTEM32;C:\WINDOWS\WinSxS\amd64_microsoft.windows.common-controls_6595b64144ccf1df_6.0.22621.608_none_a9444ca7c10bb01d;C:\Program Files\Java\jdk-17\bin\server;C:\Users\bpole\AppData\Local\Temp\jna-93951770;C:\ProgramData\Microsoft\Windows Defender\Platform\4.18.2301.6-0

VM Arguments:
jvm_args: -Dfabric.dli.config=C:\Users\bpole\Desktop\Mods\Bechacraft\.gradle\loom-cache\launch.cfg -Dfabric.dli.env=client -Dfabric.dli.main=net.fabricmc.loader.impl.launch.knot.KnotClient -Dfile.encoding=UTF-8 -Duser.country=FR -Duser.language=fr -Duser.variant 
java_command: net.fabricmc.devlaunchinjector.Main
java_class_path (initial): C:\Users\bpole\Desktop\Mods\Bechacraft\build\classes\java\main;C:\Users\bpole\Desktop\Mods\Bechacraft\build\resources\main;C:\Users\bpole\.gradle\caches\fabric-loom\1.19.4\net.fabricmc.yarn.1_19_4.1.19.4+build.1-v2\mappings.jar;C:\Users\bpole\.gradle\caches\modules-2\files-2.1\net.fabricmc\tiny-mappings-parser\0.3.0+build.17\2f10540a290e382a7cd35c16ec3900046a4e252\tiny-mappings-parser-0.3.0+build.17.jar;C:\Users\bpole\.gradle\caches\modules-2\files-2.1\net.fabricmc\sponge-mixin\0.12.4+mixin.0.8.5\e13b4069fe3555969811d4474f78576c707bbe1c\sponge-mixin-0.12.4+mixin.0.8.5.jar;C:\Users\bpole\.gradle\caches\modules-2\files-2.1\net.fabricmc\tiny-remapper\0.8.2\2cc6565989469ec38893bfb7802b31c0d0d11ea0\tiny-remapper-0.8.2.jar;C:\Users\bpole\.gradle\caches\modules-2\files-2.1\net.fabricmc\access-widener\2.1.0\f62a27adbfd8ab4d4fa5681793039f2c0b177155\access-widener-2.1.0.jar;C:\Users\bpole\.gradle\caches\modules-2\files-2.1\org.ow2.asm\asm\9.4\b4e0e2d2e023aa317b7cfcfc916377ea348e07d1\asm-9.4.jar;C:\Users\bpole\.gradle\caches\modules-2\files-2.1\org.ow2.asm\asm-analysis\9.4\a5fec9dfc039448d4fd098fbaffcaf55373b223\asm-analysis-9.4.jar;C:\Users\bpole\.gradle\caches\modules-2\files-2.1\org.ow2.asm\asm-commons\9.4\8fc2810ddbcbbec0a8bbccb3f8eda58321839912\asm-commons-9.4.jar;C:\Users\bpole\.gradle\caches\modules-2\files-2.1\org.ow2.asm\asm-tree\9.4\a99175a17d7fdc18cbcbd0e8ea6a5d276844190a\asm-tree-9.4.jar;C:\Users\bpole\.gradle\caches\modules-2\files-2.1\org.ow2.asm\asm-util\9.4\ab1e0a84b72561dbaf1ee260321e72148ebf4b19\asm-util-9.4.jar;C:\Users\bpole\.gradle\caches\modules-2\files-2.1\net.fabricmc\dev-launch-injector\0.2.1+build.8\da8bef7e6e2f952da707f282bdb46882a0fce5e3\dev-launch-injector-0.2.1+build.8.jar;C:\Users\bpole\.gradle\caches\modules-2\files-2.1\net.minecrell\terminalconsoleappender\1.2.0\96d02cd3b384ff015a8fef4223bcb4ccf1717c95\terminalconsoleappender-1.2.0.jar;C:\Users\bpole\.gradle\caches\modules-2\files-2.1\com.github.oshi\oshi-core\6.2.2
Launcher Type: SUN_STANDARD

[Global flags]
     intx CICompilerCount                          = 4                                         {product} {ergonomic}
     uint ConcGCThreads                            = 2                                         {product} {ergonomic}
     uint G1ConcRefinementThreads                  = 8                                         {product} {ergonomic}
   size_t G1HeapRegionSize                         = 1048576                                   {product} {ergonomic}
    uintx GCDrainStackTargetSize                   = 64                                        {product} {ergonomic}
   size_t InitialHeapSize                          = 132120576                                 {product} {ergonomic}
   size_t MarkStackSize                            = 4194304                                   {product} {ergonomic}
   size_t MaxHeapSize                              = 2082471936                                {product} {ergonomic}
   size_t MaxNewSize                               = 1248854016                                {product} {ergonomic}
   size_t MinHeapDeltaBytes                        = 1048576                                   {product} {ergonomic}
   size_t MinHeapSize                              = 8388608                                   {product} {ergonomic}
    uintx NonNMethodCodeHeapSize                   = 5839372                                {pd product} {ergonomic}
    uintx NonProfiledCodeHeapSize                  = 122909434                              {pd product} {ergonomic}
    uintx ProfiledCodeHeapSize                     = 122909434                              {pd product} {ergonomic}
    uintx ReservedCodeCacheSize                    = 251658240                              {pd product} {ergonomic}
     bool SegmentedCodeCache                       = true                                      {product} {ergonomic}
   size_t SoftMaxHeapSize                          = 2082471936                             {manageable} {ergonomic}
     bool UseCompressedClassPointers               = true                           {product lp64_product} {ergonomic}
     bool UseCompressedOops                        = true                           {product lp64_product} {ergonomic}
     bool UseG1GC                                  = true                                      {product} {ergonomic}
     bool UseLargePagesIndividualAllocation        = false                                  {pd product} {ergonomic}

Logging:
Log output configuration:
 #0: stdout all=warning uptime,level,tags
 #1: stderr all=off uptime,level,tags

Environment Variables:
CLASSPATH=c:\Users\bpole\.vscode\extensions\vscjava.vscode-gradle-3.12.6\lib\gradle-server.jar
PATH=C:\Program Files\Common Files\Oracle\Java\javapath;C:\Program Files\Eclipse Adoptium\jdk-17.0.6.10-hotspot\bin;C:\Program Files (x86)\Common Files\Oracle\Java\javapath;C:\WINDOWS\system32;C:\WINDOWS;C:\WINDOWS\System32\Wbem;C:\WINDOWS\System32\WindowsPowerShell\v1.0\;C:\WINDOWS\System32\OpenSSH\;C:\Program Files\Git\cmd;C:\Program Files\MATLAB\R2022b\bin;C:\Users\bpole\AppData\Local\Microsoft\WindowsApps;;C:\Users\bpole\AppData\Local\Programs\Microsoft VS Code\bin
USERNAME=bpole
OS=Windows_NT
PROCESSOR_IDENTIFIER=Intel64 Family 6 Model 142 Stepping 12, GenuineIntel



---------------  S Y S T E M  ---------------

OS:
 Windows 11 , 64 bit Build 22621 (10.0.22621.1194)
OS uptime: 4 days 13:30 hours

CPU: total 8 (initial active 8) (4 cores per cpu, 2 threads per core) family 6 model 142 stepping 12 microcode 0xea, cx8, cmov, fxsr, ht, mmx, 3dnowpref, sse, sse2, sse3, ssse3, sse4.1, sse4.2, popcnt, lzcnt, tsc, tscinvbit, avx, avx2, aes, erms, clmul, bmi1, bmi2, adx, fma, vzeroupper, clflush, clflushopt

Memory: 4k page, system-wide physical 7937M (535M free)
TotalPageFile size 32513M (AvailPageFile size 12M)
current process WorkingSet (physical memory assigned to process): 449M, peak: 454M
current process commit charge ("private bytes"): 1037M, peak: 1049M

vm_info: Java HotSpot(TM) 64-Bit Server VM (17.0.6+9-LTS-190) for windows-amd64 JRE (17.0.6+9-LTS-190), built on Dec  6 2022 15:53:54 by "mach5one" with MS VC++ 17.1 (VS2022)

END.
